--- Session Started: 20260101_211438 ---
--- Log File: logs/train_20260101_211438.log ---
DEBUG: Found 1492 metrics files in data/binance/data/futures/um/daily/metrics/BTCUSDT
DEBUG: Raw metrics shape: (429556, 8)
DEBUG: Raw head:
           create_time  ... sum_taker_long_short_vol_ratio
0  2021-12-01 00:00:00  ...                       0.622160
1  2021-12-01 00:05:00  ...                       0.826275
2  2021-12-01 00:10:00  ...                       1.694746
3  2021-12-01 00:15:00  ...                       1.076171
4  2021-12-01 00:20:00  ...                       0.904796

[5 rows x 8 columns]
--- Training model: naive ---
Fold 1/4...
Fold 1 completed.
Fold 2/4...
Fold 2 completed.
Fold 3/4...
Fold 3 completed.
Fold 4/4...
Fold 4 completed.
--- Training model: arima ---
Fold 1/4...
Fold 1 completed.
Fold 2/4...
Fold 2 completed.
Fold 3/4...
Fold 3 completed.
Fold 4/4...
Fold 4 completed.
--- Training model: garch ---
Fold 1/4...
Fold 1 completed.
Fold 2/4...
Fold 2 completed.
Fold 3/4...
Fold 3 completed.
Fold 4/4...
Fold 4 completed.
--- Training model: lightgbm ---
Tuning LightGBM parameters...
Best params found: {'n_estimators': 200, 'learning_rate': 0.01, 'num_leaves': 31, 'min_data_in_leaf': 50, 'subsample': 0.7, 'colsample_bytree': 0.9, 'random_state': 42, 'n_jobs': 10, 'min_child_samples': None, 'verbose': -1}
Fold 1/4...
Fold 1 completed.
Fold 2/4...
Fold 2 completed.
Fold 3/4...
Fold 3 completed.
Fold 4/4...
Fold 4 completed.
--- Training model: lstm ---
Fold 1/4...
Fold 1 completed.
Fold 2/4...
Fold 2 completed.
Fold 3/4...
Fold 3 completed.
Fold 4/4...
Fold 4 completed.
--- Training model: nbeats ---
Fold 1/4...
Fold 1 completed.
Fold 2/4...
Fold 2 completed.
Fold 3/4...
Fold 3 completed.
Fold 4/4...
Fold 4 completed.
artifacts/20260102_021439
