--- Session Started: 20260101_204347 ---
--- Log File: logs/train_20260101_204347.log ---
DEBUG: Found 1492 metrics files in data/binance/data/futures/um/daily/metrics/BTCUSDT
DEBUG: Raw metrics shape: (429556, 8)
DEBUG: Raw head:
           create_time   symbol  sum_open_interest  ...  sum_toptrader_long_short_ratio  count_long_short_ratio  sum_taker_long_short_vol_ratio
0  2021-12-01 00:00:00  BTCUSDT          59230.060  ...                        1.134294                4.021772                        0.622160
1  2021-12-01 00:05:00  BTCUSDT          59192.974  ...                        1.134559                3.996237                        0.826275
2  2021-12-01 00:10:00  BTCUSDT          59288.595  ...                        1.138011                4.036305                        1.694746
3  2021-12-01 00:15:00  BTCUSDT          59279.355  ...                        1.137640                4.043376                        1.076171
4  2021-12-01 00:20:00  BTCUSDT          59320.924  ...                        1.137357                4.033051                        0.904796

[5 rows x 8 columns]
Traceback (most recent call last):
  File "/Users/johnb/Workspace/btc-predictor/scripts/train.py", line 21, in <module>
    main()
  File "/Users/johnb/Workspace/btc-predictor/scripts/train.py", line 16, in main
    out_dir = run_train(args.config)
  File "/Users/johnb/Workspace/btc-predictor/src/btc_predictor/training/train.py", line 122, in run_train
    external_dfs = load_external_features(cfg)
  File "/Users/johnb/Workspace/btc-predictor/src/btc_predictor/data/external.py", line 57, in load_external_features
    df = load_binance_bulk_kline_feature(
  File "/Users/johnb/Workspace/btc-predictor/src/btc_predictor/data/binance_bulk.py", line 237, in load_binance_bulk_kline_feature
    raise FileNotFoundError(f"No kline feature files found for {path_or_glob}")
FileNotFoundError: No kline feature files found for data/binance/data/futures/um/monthly/markPriceKlines/BTCUSDT/15m
