--- Session Started: 20251231_144636 ---
--- Log File: logs/train_20251231_144636.log ---
--- Training model: lstm ---
Fold 1/2...
Fold 1 completed.
Fold 2/2...
Fold 2 completed.
--- Training model: nbeats ---
Fold 1/2...
Fold 1 completed.
Fold 2/2...
Fold 2 completed.
--- Training model: lightgbm ---
Tuning LightGBM parameters...
Best params found: {'n_estimators': 10, 'num_leaves': 8, 'random_state': 42, 'n_jobs': 2, 'verbose': -1}
Fold 1/2...
/Users/johnb/Workspace/btc-predictor/.venv/lib/python3.10/site-packages/sklearn/utils/validation.py:2749: UserWarning: X does not have valid feature names, but LGBMRegressor was fitted with feature names
  warnings.warn(
Fold 1 completed.
Fold 2/2...
/Users/johnb/Workspace/btc-predictor/.venv/lib/python3.10/site-packages/sklearn/utils/validation.py:2749: UserWarning: X does not have valid feature names, but LGBMRegressor was fitted with feature names
  warnings.warn(
Fold 2 completed.
artifacts/20251231_194636
