--- Session Started: 20260101_145502 ---
--- Log File: logs/train_20260101_145502.log ---
--- Training model: lightgbm ---
Tuning LightGBM parameters...
Best params found: {'n_estimators': 10, 'learning_rate': 0.1, 'num_leaves': 31, 'min_data_in_leaf': 20, 'subsample': 0.8, 'colsample_bytree': 0.8, 'random_state': 42, 'n_jobs': 1, 'min_child_samples': None, 'verbose': -1}
Fold 1/3...
/Users/johnb/Workspace/btc-predictor/.venv/lib/python3.10/site-packages/sklearn/utils/validation.py:2749: UserWarning: X does not have valid feature names, but LGBMRegressor was fitted with feature names
  warnings.warn(
/Users/johnb/Workspace/btc-predictor/.venv/lib/python3.10/site-packages/sklearn/utils/validation.py:2749: UserWarning: X does not have valid feature names, but LGBMRegressor was fitted with feature names
  warnings.warn(
/Users/johnb/Workspace/btc-predictor/.venv/lib/python3.10/site-packages/sklearn/utils/validation.py:2749: UserWarning: X does not have valid feature names, but LGBMRegressor was fitted with feature names
  warnings.warn(
/Users/johnb/Workspace/btc-predictor/.venv/lib/python3.10/site-packages/sklearn/utils/validation.py:2749: UserWarning: X does not have valid feature names, but LGBMRegressor was fitted with feature names
  warnings.warn(
/Users/johnb/Workspace/btc-predictor/.venv/lib/python3.10/site-packages/sklearn/utils/validation.py:2749: UserWarning: X does not have valid feature names, but LGBMRegressor was fitted with feature names
  warnings.warn(
/Users/johnb/Workspace/btc-predictor/.venv/lib/python3.10/site-packages/sklearn/utils/validation.py:2749: UserWarning: X does not have valid feature names, but LGBMRegressor was fitted with feature names
  warnings.warn(
/Users/johnb/Workspace/btc-predictor/.venv/lib/python3.10/site-packages/sklearn/utils/validation.py:2749: UserWarning: X does not have valid feature names, but LGBMRegressor was fitted with feature names
  warnings.warn(
/Users/johnb/Workspace/btc-predictor/.venv/lib/python3.10/site-packages/sklearn/utils/validation.py:2749: UserWarning: X does not have valid feature names, but LGBMRegressor was fitted with feature names
  warnings.warn(
/Users/johnb/Workspace/btc-predictor/.venv/lib/python3.10/site-packages/sklearn/utils/validation.py:2749: UserWarning: X does not have valid feature names, but LGBMRegressor was fitted with feature names
  warnings.warn(
Traceback (most recent call last):
  File "/Users/johnb/Workspace/btc-predictor/scripts/train.py", line 21, in <module>
    main()
  File "/Users/johnb/Workspace/btc-predictor/scripts/train.py", line 16, in main
    out_dir = run_train(args.config)
  File "/Users/johnb/Workspace/btc-predictor/src/btc_predictor/training/train.py", line 255, in run_train
    pd.DataFrame(
  File "/Users/johnb/Workspace/btc-predictor/.venv/lib/python3.10/site-packages/pandas/core/frame.py", line 782, in __init__
    mgr = dict_to_mgr(data, index, columns, dtype=dtype, copy=copy, typ=manager)
  File "/Users/johnb/Workspace/btc-predictor/.venv/lib/python3.10/site-packages/pandas/core/internals/construction.py", line 503, in dict_to_mgr
    return arrays_to_mgr(arrays, columns, index, dtype=dtype, typ=typ, consolidate=copy)
  File "/Users/johnb/Workspace/btc-predictor/.venv/lib/python3.10/site-packages/pandas/core/internals/construction.py", line 114, in arrays_to_mgr
    index = _extract_index(arrays)
  File "/Users/johnb/Workspace/btc-predictor/.venv/lib/python3.10/site-packages/pandas/core/internals/construction.py", line 677, in _extract_index
    raise ValueError("All arrays must be of the same length")
ValueError: All arrays must be of the same length
