--- Session Started: 20260101_191805 ---
--- Log File: logs/train_20260101_191805.log ---
DEBUG: Found 1489 metrics files in data/binance/data/futures/um/daily/metrics/BTCUSDT
DEBUG: Raw metrics shape: (428695, 8)
DEBUG: Raw head:
           create_time   symbol  sum_open_interest  ...  sum_toptrader_long_short_ratio  count_long_short_ratio  sum_taker_long_short_vol_ratio
0  2021-12-03 00:00:00  BTCUSDT          59866.192  ...                        1.124564                4.633175                        1.037025
1  2021-12-03 00:05:00  BTCUSDT          59889.953  ...                        1.122752                4.626079                        1.134117
2  2021-12-03 00:10:00  BTCUSDT          59904.173  ...                        1.125696                4.640685                        1.629153
3  2021-12-03 00:15:00  BTCUSDT          59891.512  ...                        1.125534                4.650019                        1.882841
4  2021-12-03 00:20:00  BTCUSDT          59886.566  ...                        1.124935                4.661902                        1.112831

[5 rows x 8 columns]
--- Training model: naive ---
Fold 1/4...
Fold 1 completed.
Fold 2/4...
Fold 2 completed.
Fold 3/4...
Fold 3 completed.
Fold 4/4...
Fold 4 completed.
--- Training model: arima ---
Fold 1/4...
Fold 1 completed.
Fold 2/4...
Fold 2 completed.
Fold 3/4...
Fold 3 completed.
Fold 4/4...
Fold 4 completed.
--- Training model: garch ---
Fold 1/4...
Fold 1 completed.
Fold 2/4...
Fold 2 completed.
Fold 3/4...
Fold 3 completed.
Fold 4/4...
Fold 4 completed.
--- Training model: lightgbm ---
Tuning LightGBM parameters...
Best params found: {'n_estimators': 200, 'learning_rate': 0.03, 'num_leaves': 63, 'min_data_in_leaf': 20, 'subsample': 0.9, 'colsample_bytree': 0.9, 'random_state': 42, 'n_jobs': 10, 'min_child_samples': None, 'verbose': -1}
Fold 1/4...
Fold 1 completed.
Fold 2/4...
Fold 2 completed.
Fold 3/4...
Fold 3 completed.
Fold 4/4...
Fold 4 completed.
--- Training model: lstm ---
Fold 1/4...
Fold 1 completed.
Fold 2/4...
Fold 2 completed.
Fold 3/4...
Fold 3 completed.
Fold 4/4...
Fold 4 completed.
--- Training model: nbeats ---
Fold 1/4...
Fold 1 completed.
Fold 2/4...
Fold 2 completed.
Fold 3/4...
Fold 3 completed.
Fold 4/4...
Fold 4 completed.
artifacts/20260102_001806
