--- Session Started: 20251231_141246 ---
--- Log File: logs/train_20251231_141246.log ---
--- Training model: naive ---
Fold 1/7...
Fold 1 completed.
Fold 2/7...
Fold 2 completed.
Fold 3/7...
Fold 3 completed.
Fold 4/7...
Fold 4 completed.
Fold 5/7...
Fold 5 completed.
Fold 6/7...
Fold 6 completed.
Fold 7/7...
Fold 7 completed.
--- Training model: arima ---
Fold 1/7...
/Users/johnb/Workspace/btc-predictor/.venv/lib/python3.10/site-packages/numpy/linalg/_linalg.py:3383: RuntimeWarning: divide by zero encountered in matmul
  return _core_matmul(x1, x2)
/Users/johnb/Workspace/btc-predictor/.venv/lib/python3.10/site-packages/numpy/linalg/_linalg.py:3383: RuntimeWarning: overflow encountered in matmul
  return _core_matmul(x1, x2)
/Users/johnb/Workspace/btc-predictor/.venv/lib/python3.10/site-packages/numpy/linalg/_linalg.py:3383: RuntimeWarning: invalid value encountered in matmul
  return _core_matmul(x1, x2)
Fold 1 completed.
Fold 2/7...
/Users/johnb/Workspace/btc-predictor/.venv/lib/python3.10/site-packages/numpy/linalg/_linalg.py:3383: RuntimeWarning: divide by zero encountered in matmul
  return _core_matmul(x1, x2)
/Users/johnb/Workspace/btc-predictor/.venv/lib/python3.10/site-packages/numpy/linalg/_linalg.py:3383: RuntimeWarning: overflow encountered in matmul
  return _core_matmul(x1, x2)
/Users/johnb/Workspace/btc-predictor/.venv/lib/python3.10/site-packages/numpy/linalg/_linalg.py:3383: RuntimeWarning: invalid value encountered in matmul
  return _core_matmul(x1, x2)
/Users/johnb/Workspace/btc-predictor/.venv/lib/python3.10/site-packages/statsmodels/tsa/statespace/sarimax.py:966: UserWarning: Non-stationary starting autoregressive parameters found. Using zeros as starting parameters.
  warn('Non-stationary starting autoregressive parameters'
/Users/johnb/Workspace/btc-predictor/.venv/lib/python3.10/site-packages/statsmodels/tsa/statespace/sarimax.py:978: UserWarning: Non-invertible starting MA parameters found. Using zeros as starting parameters.
  warn('Non-invertible starting MA parameters found.'
Fold 2 completed.
Fold 3/7...
/Users/johnb/Workspace/btc-predictor/.venv/lib/python3.10/site-packages/numpy/linalg/_linalg.py:3383: RuntimeWarning: divide by zero encountered in matmul
  return _core_matmul(x1, x2)
/Users/johnb/Workspace/btc-predictor/.venv/lib/python3.10/site-packages/numpy/linalg/_linalg.py:3383: RuntimeWarning: overflow encountered in matmul
  return _core_matmul(x1, x2)
/Users/johnb/Workspace/btc-predictor/.venv/lib/python3.10/site-packages/numpy/linalg/_linalg.py:3383: RuntimeWarning: invalid value encountered in matmul
  return _core_matmul(x1, x2)
Fold 3 completed.
Fold 4/7...
/Users/johnb/Workspace/btc-predictor/.venv/lib/python3.10/site-packages/numpy/linalg/_linalg.py:3383: RuntimeWarning: divide by zero encountered in matmul
  return _core_matmul(x1, x2)
/Users/johnb/Workspace/btc-predictor/.venv/lib/python3.10/site-packages/numpy/linalg/_linalg.py:3383: RuntimeWarning: overflow encountered in matmul
  return _core_matmul(x1, x2)
/Users/johnb/Workspace/btc-predictor/.venv/lib/python3.10/site-packages/numpy/linalg/_linalg.py:3383: RuntimeWarning: invalid value encountered in matmul
  return _core_matmul(x1, x2)
Fold 4 completed.
Fold 5/7...
/Users/johnb/Workspace/btc-predictor/.venv/lib/python3.10/site-packages/numpy/linalg/_linalg.py:3383: RuntimeWarning: divide by zero encountered in matmul
  return _core_matmul(x1, x2)
/Users/johnb/Workspace/btc-predictor/.venv/lib/python3.10/site-packages/numpy/linalg/_linalg.py:3383: RuntimeWarning: overflow encountered in matmul
  return _core_matmul(x1, x2)
/Users/johnb/Workspace/btc-predictor/.venv/lib/python3.10/site-packages/numpy/linalg/_linalg.py:3383: RuntimeWarning: invalid value encountered in matmul
  return _core_matmul(x1, x2)
Fold 5 completed.
Fold 6/7...
/Users/johnb/Workspace/btc-predictor/.venv/lib/python3.10/site-packages/numpy/linalg/_linalg.py:3383: RuntimeWarning: divide by zero encountered in matmul
  return _core_matmul(x1, x2)
/Users/johnb/Workspace/btc-predictor/.venv/lib/python3.10/site-packages/numpy/linalg/_linalg.py:3383: RuntimeWarning: overflow encountered in matmul
  return _core_matmul(x1, x2)
/Users/johnb/Workspace/btc-predictor/.venv/lib/python3.10/site-packages/numpy/linalg/_linalg.py:3383: RuntimeWarning: invalid value encountered in matmul
  return _core_matmul(x1, x2)
Fold 6 completed.
Fold 7/7...
/Users/johnb/Workspace/btc-predictor/.venv/lib/python3.10/site-packages/numpy/linalg/_linalg.py:3383: RuntimeWarning: divide by zero encountered in matmul
  return _core_matmul(x1, x2)
/Users/johnb/Workspace/btc-predictor/.venv/lib/python3.10/site-packages/numpy/linalg/_linalg.py:3383: RuntimeWarning: overflow encountered in matmul
  return _core_matmul(x1, x2)
/Users/johnb/Workspace/btc-predictor/.venv/lib/python3.10/site-packages/numpy/linalg/_linalg.py:3383: RuntimeWarning: invalid value encountered in matmul
  return _core_matmul(x1, x2)
Fold 7 completed.
--- Training model: garch ---
Fold 1/7...
Fold 1 completed.
Fold 2/7...
Fold 2 completed.
Fold 3/7...
Fold 3 completed.
Fold 4/7...
Fold 4 completed.
Fold 5/7...
Fold 5 completed.
Fold 6/7...
Fold 6 completed.
Fold 7/7...
Fold 7 completed.
--- Training model: lightgbm ---
Tuning LightGBM parameters...
/Users/johnb/Workspace/btc-predictor/.venv/lib/python3.10/site-packages/sklearn/utils/validation.py:2749: UserWarning: X does not have valid feature names, but LGBMRegressor was fitted with feature names
  warnings.warn(
[LightGBM] [Warning] min_data_in_leaf is set=50, min_child_samples=20 will be ignored. Current value: min_data_in_leaf=50
/Users/johnb/Workspace/btc-predictor/.venv/lib/python3.10/site-packages/sklearn/utils/validation.py:2749: UserWarning: X does not have valid feature names, but LGBMRegressor was fitted with feature names
  warnings.warn(
[LightGBM] [Warning] min_data_in_leaf is set=20, min_child_samples=20 will be ignored. Current value: min_data_in_leaf=20
/Users/johnb/Workspace/btc-predictor/.venv/lib/python3.10/site-packages/sklearn/utils/validation.py:2749: UserWarning: X does not have valid feature names, but LGBMRegressor was fitted with feature names
  warnings.warn(
[LightGBM] [Warning] min_data_in_leaf is set=50, min_child_samples=20 will be ignored. Current value: min_data_in_leaf=50
/Users/johnb/Workspace/btc-predictor/.venv/lib/python3.10/site-packages/sklearn/utils/validation.py:2749: UserWarning: X does not have valid feature names, but LGBMRegressor was fitted with feature names
  warnings.warn(
[LightGBM] [Warning] min_data_in_leaf is set=20, min_child_samples=20 will be ignored. Current value: min_data_in_leaf=20
/Users/johnb/Workspace/btc-predictor/.venv/lib/python3.10/site-packages/sklearn/utils/validation.py:2749: UserWarning: X does not have valid feature names, but LGBMRegressor was fitted with feature names
  warnings.warn(
[LightGBM] [Warning] min_data_in_leaf is set=50, min_child_samples=20 will be ignored. Current value: min_data_in_leaf=50
/Users/johnb/Workspace/btc-predictor/.venv/lib/python3.10/site-packages/sklearn/utils/validation.py:2749: UserWarning: X does not have valid feature names, but LGBMRegressor was fitted with feature names
  warnings.warn(
[LightGBM] [Warning] min_data_in_leaf is set=50, min_child_samples=20 will be ignored. Current value: min_data_in_leaf=50
/Users/johnb/Workspace/btc-predictor/.venv/lib/python3.10/site-packages/sklearn/utils/validation.py:2749: UserWarning: X does not have valid feature names, but LGBMRegressor was fitted with feature names
  warnings.warn(
[LightGBM] [Warning] min_data_in_leaf is set=20, min_child_samples=20 will be ignored. Current value: min_data_in_leaf=20
/Users/johnb/Workspace/btc-predictor/.venv/lib/python3.10/site-packages/sklearn/utils/validation.py:2749: UserWarning: X does not have valid feature names, but LGBMRegressor was fitted with feature names
  warnings.warn(
[LightGBM] [Warning] min_data_in_leaf is set=50, min_child_samples=20 will be ignored. Current value: min_data_in_leaf=50
/Users/johnb/Workspace/btc-predictor/.venv/lib/python3.10/site-packages/sklearn/utils/validation.py:2749: UserWarning: X does not have valid feature names, but LGBMRegressor was fitted with feature names
  warnings.warn(
[LightGBM] [Warning] min_data_in_leaf is set=100, min_child_samples=20 will be ignored. Current value: min_data_in_leaf=100
/Users/johnb/Workspace/btc-predictor/.venv/lib/python3.10/site-packages/sklearn/utils/validation.py:2749: UserWarning: X does not have valid feature names, but LGBMRegressor was fitted with feature names
  warnings.warn(
[LightGBM] [Warning] min_data_in_leaf is set=100, min_child_samples=20 will be ignored. Current value: min_data_in_leaf=100
/Users/johnb/Workspace/btc-predictor/.venv/lib/python3.10/site-packages/sklearn/utils/validation.py:2749: UserWarning: X does not have valid feature names, but LGBMRegressor was fitted with feature names
  warnings.warn(
[LightGBM] [Warning] min_data_in_leaf is set=20, min_child_samples=20 will be ignored. Current value: min_data_in_leaf=20
/Users/johnb/Workspace/btc-predictor/.venv/lib/python3.10/site-packages/sklearn/utils/validation.py:2749: UserWarning: X does not have valid feature names, but LGBMRegressor was fitted with feature names
  warnings.warn(
[LightGBM] [Warning] min_data_in_leaf is set=20, min_child_samples=20 will be ignored. Current value: min_data_in_leaf=20
/Users/johnb/Workspace/btc-predictor/.venv/lib/python3.10/site-packages/sklearn/utils/validation.py:2749: UserWarning: X does not have valid feature names, but LGBMRegressor was fitted with feature names
  warnings.warn(
[LightGBM] [Warning] min_data_in_leaf is set=20, min_child_samples=20 will be ignored. Current value: min_data_in_leaf=20
/Users/johnb/Workspace/btc-predictor/.venv/lib/python3.10/site-packages/sklearn/utils/validation.py:2749: UserWarning: X does not have valid feature names, but LGBMRegressor was fitted with feature names
  warnings.warn(
[LightGBM] [Warning] min_data_in_leaf is set=20, min_child_samples=20 will be ignored. Current value: min_data_in_leaf=20
/Users/johnb/Workspace/btc-predictor/.venv/lib/python3.10/site-packages/sklearn/utils/validation.py:2749: UserWarning: X does not have valid feature names, but LGBMRegressor was fitted with feature names
  warnings.warn(
[LightGBM] [Warning] min_data_in_leaf is set=50, min_child_samples=20 will be ignored. Current value: min_data_in_leaf=50
/Users/johnb/Workspace/btc-predictor/.venv/lib/python3.10/site-packages/sklearn/utils/validation.py:2749: UserWarning: X does not have valid feature names, but LGBMRegressor was fitted with feature names
  warnings.warn(
[LightGBM] [Warning] min_data_in_leaf is set=50, min_child_samples=20 will be ignored. Current value: min_data_in_leaf=50
/Users/johnb/Workspace/btc-predictor/.venv/lib/python3.10/site-packages/sklearn/utils/validation.py:2749: UserWarning: X does not have valid feature names, but LGBMRegressor was fitted with feature names
  warnings.warn(
[LightGBM] [Warning] min_data_in_leaf is set=50, min_child_samples=20 will be ignored. Current value: min_data_in_leaf=50
/Users/johnb/Workspace/btc-predictor/.venv/lib/python3.10/site-packages/sklearn/utils/validation.py:2749: UserWarning: X does not have valid feature names, but LGBMRegressor was fitted with feature names
  warnings.warn(
[LightGBM] [Warning] min_data_in_leaf is set=20, min_child_samples=20 will be ignored. Current value: min_data_in_leaf=20
/Users/johnb/Workspace/btc-predictor/.venv/lib/python3.10/site-packages/sklearn/utils/validation.py:2749: UserWarning: X does not have valid feature names, but LGBMRegressor was fitted with feature names
  warnings.warn(
[LightGBM] [Warning] min_data_in_leaf is set=50, min_child_samples=20 will be ignored. Current value: min_data_in_leaf=50
/Users/johnb/Workspace/btc-predictor/.venv/lib/python3.10/site-packages/sklearn/utils/validation.py:2749: UserWarning: X does not have valid feature names, but LGBMRegressor was fitted with feature names
  warnings.warn(
[LightGBM] [Warning] min_data_in_leaf is set=20, min_child_samples=20 will be ignored. Current value: min_data_in_leaf=20
Best params found: {'n_estimators': 400, 'learning_rate': 0.01, 'num_leaves': 31, 'min_data_in_leaf': 50, 'subsample': 0.9, 'colsample_bytree': 0.7, 'random_state': 42, 'n_jobs': 4}
Fold 1/7...
/Users/johnb/Workspace/btc-predictor/.venv/lib/python3.10/site-packages/sklearn/utils/validation.py:2749: UserWarning: X does not have valid feature names, but LGBMRegressor was fitted with feature names
  warnings.warn(
[LightGBM] [Warning] min_data_in_leaf is set=50, min_child_samples=20 will be ignored. Current value: min_data_in_leaf=50
/Users/johnb/Workspace/btc-predictor/.venv/lib/python3.10/site-packages/sklearn/utils/validation.py:2749: UserWarning: X does not have valid feature names, but LGBMRegressor was fitted with feature names
  warnings.warn(
[LightGBM] [Warning] min_data_in_leaf is set=50, min_child_samples=20 will be ignored. Current value: min_data_in_leaf=50
/Users/johnb/Workspace/btc-predictor/.venv/lib/python3.10/site-packages/sklearn/utils/validation.py:2749: UserWarning: X does not have valid feature names, but LGBMRegressor was fitted with feature names
  warnings.warn(
[LightGBM] [Warning] min_data_in_leaf is set=50, min_child_samples=20 will be ignored. Current value: min_data_in_leaf=50
/Users/johnb/Workspace/btc-predictor/.venv/lib/python3.10/site-packages/sklearn/utils/validation.py:2749: UserWarning: X does not have valid feature names, but LGBMRegressor was fitted with feature names
  warnings.warn(
[LightGBM] [Warning] min_data_in_leaf is set=50, min_child_samples=20 will be ignored. Current value: min_data_in_leaf=50
/Users/johnb/Workspace/btc-predictor/.venv/lib/python3.10/site-packages/sklearn/utils/validation.py:2749: UserWarning: X does not have valid feature names, but LGBMRegressor was fitted with feature names
  warnings.warn(
[LightGBM] [Warning] min_data_in_leaf is set=50, min_child_samples=20 will be ignored. Current value: min_data_in_leaf=50
/Users/johnb/Workspace/btc-predictor/.venv/lib/python3.10/site-packages/sklearn/utils/validation.py:2749: UserWarning: X does not have valid feature names, but LGBMRegressor was fitted with feature names
  warnings.warn(
[LightGBM] [Warning] min_data_in_leaf is set=50, min_child_samples=20 will be ignored. Current value: min_data_in_leaf=50
/Users/johnb/Workspace/btc-predictor/.venv/lib/python3.10/site-packages/sklearn/utils/validation.py:2749: UserWarning: X does not have valid feature names, but LGBMRegressor was fitted with feature names
  warnings.warn(
[LightGBM] [Warning] min_data_in_leaf is set=50, min_child_samples=20 will be ignored. Current value: min_data_in_leaf=50
/Users/johnb/Workspace/btc-predictor/.venv/lib/python3.10/site-packages/sklearn/utils/validation.py:2749: UserWarning: X does not have valid feature names, but LGBMRegressor was fitted with feature names
  warnings.warn(
[LightGBM] [Warning] min_data_in_leaf is set=50, min_child_samples=20 will be ignored. Current value: min_data_in_leaf=50
/Users/johnb/Workspace/btc-predictor/.venv/lib/python3.10/site-packages/sklearn/utils/validation.py:2749: UserWarning: X does not have valid feature names, but LGBMRegressor was fitted with feature names
  warnings.warn(
[LightGBM] [Warning] min_data_in_leaf is set=50, min_child_samples=20 will be ignored. Current value: min_data_in_leaf=50
/Users/johnb/Workspace/btc-predictor/.venv/lib/python3.10/site-packages/sklearn/utils/validation.py:2749: UserWarning: X does not have valid feature names, but LGBMRegressor was fitted with feature names
  warnings.warn(
[LightGBM] [Warning] min_data_in_leaf is set=50, min_child_samples=20 will be ignored. Current value: min_data_in_leaf=50
/Users/johnb/Workspace/btc-predictor/.venv/lib/python3.10/site-packages/sklearn/utils/validation.py:2749: UserWarning: X does not have valid feature names, but LGBMRegressor was fitted with feature names
  warnings.warn(
[LightGBM] [Warning] min_data_in_leaf is set=50, min_child_samples=20 will be ignored. Current value: min_data_in_leaf=50
/Users/johnb/Workspace/btc-predictor/.venv/lib/python3.10/site-packages/sklearn/utils/validation.py:2749: UserWarning: X does not have valid feature names, but LGBMRegressor was fitted with feature names
  warnings.warn(
[LightGBM] [Warning] min_data_in_leaf is set=50, min_child_samples=20 will be ignored. Current value: min_data_in_leaf=50
/Users/johnb/Workspace/btc-predictor/.venv/lib/python3.10/site-packages/sklearn/utils/validation.py:2749: UserWarning: X does not have valid feature names, but LGBMRegressor was fitted with feature names
  warnings.warn(
[LightGBM] [Warning] min_data_in_leaf is set=50, min_child_samples=20 will be ignored. Current value: min_data_in_leaf=50
/Users/johnb/Workspace/btc-predictor/.venv/lib/python3.10/site-packages/sklearn/utils/validation.py:2749: UserWarning: X does not have valid feature names, but LGBMRegressor was fitted with feature names
  warnings.warn(
[LightGBM] [Warning] min_data_in_leaf is set=50, min_child_samples=20 will be ignored. Current value: min_data_in_leaf=50
/Users/johnb/Workspace/btc-predictor/.venv/lib/python3.10/site-packages/sklearn/utils/validation.py:2749: UserWarning: X does not have valid feature names, but LGBMRegressor was fitted with feature names
  warnings.warn(
[LightGBM] [Warning] min_data_in_leaf is set=50, min_child_samples=20 will be ignored. Current value: min_data_in_leaf=50
/Users/johnb/Workspace/btc-predictor/.venv/lib/python3.10/site-packages/sklearn/utils/validation.py:2749: UserWarning: X does not have valid feature names, but LGBMRegressor was fitted with feature names
  warnings.warn(
[LightGBM] [Warning] min_data_in_leaf is set=50, min_child_samples=20 will be ignored. Current value: min_data_in_leaf=50
/Users/johnb/Workspace/btc-predictor/.venv/lib/python3.10/site-packages/sklearn/utils/validation.py:2749: UserWarning: X does not have valid feature names, but LGBMRegressor was fitted with feature names
  warnings.warn(
[LightGBM] [Warning] min_data_in_leaf is set=50, min_child_samples=20 will be ignored. Current value: min_data_in_leaf=50
/Users/johnb/Workspace/btc-predictor/.venv/lib/python3.10/site-packages/sklearn/utils/validation.py:2749: UserWarning: X does not have valid feature names, but LGBMRegressor was fitted with feature names
  warnings.warn(
[LightGBM] [Warning] min_data_in_leaf is set=50, min_child_samples=20 will be ignored. Current value: min_data_in_leaf=50
/Users/johnb/Workspace/btc-predictor/.venv/lib/python3.10/site-packages/sklearn/utils/validation.py:2749: UserWarning: X does not have valid feature names, but LGBMRegressor was fitted with feature names
  warnings.warn(
[LightGBM] [Warning] min_data_in_leaf is set=50, min_child_samples=20 will be ignored. Current value: min_data_in_leaf=50
/Users/johnb/Workspace/btc-predictor/.venv/lib/python3.10/site-packages/sklearn/utils/validation.py:2749: UserWarning: X does not have valid feature names, but LGBMRegressor was fitted with feature names
  warnings.warn(
[LightGBM] [Warning] min_data_in_leaf is set=50, min_child_samples=20 will be ignored. Current value: min_data_in_leaf=50
/Users/johnb/Workspace/btc-predictor/.venv/lib/python3.10/site-packages/sklearn/utils/validation.py:2749: UserWarning: X does not have valid feature names, but LGBMRegressor was fitted with feature names
  warnings.warn(
[LightGBM] [Warning] min_data_in_leaf is set=50, min_child_samples=20 will be ignored. Current value: min_data_in_leaf=50
/Users/johnb/Workspace/btc-predictor/.venv/lib/python3.10/site-packages/sklearn/utils/validation.py:2749: UserWarning: X does not have valid feature names, but LGBMRegressor was fitted with feature names
  warnings.warn(
[LightGBM] [Warning] min_data_in_leaf is set=50, min_child_samples=20 will be ignored. Current value: min_data_in_leaf=50
/Users/johnb/Workspace/btc-predictor/.venv/lib/python3.10/site-packages/sklearn/utils/validation.py:2749: UserWarning: X does not have valid feature names, but LGBMRegressor was fitted with feature names
  warnings.warn(
[LightGBM] [Warning] min_data_in_leaf is set=50, min_child_samples=20 will be ignored. Current value: min_data_in_leaf=50
/Users/johnb/Workspace/btc-predictor/.venv/lib/python3.10/site-packages/sklearn/utils/validation.py:2749: UserWarning: X does not have valid feature names, but LGBMRegressor was fitted with feature names
  warnings.warn(
[LightGBM] [Warning] min_data_in_leaf is set=50, min_child_samples=20 will be ignored. Current value: min_data_in_leaf=50
/Users/johnb/Workspace/btc-predictor/.venv/lib/python3.10/site-packages/sklearn/utils/validation.py:2749: UserWarning: X does not have valid feature names, but LGBMRegressor was fitted with feature names
  warnings.warn(
[LightGBM] [Warning] min_data_in_leaf is set=50, min_child_samples=20 will be ignored. Current value: min_data_in_leaf=50
/Users/johnb/Workspace/btc-predictor/.venv/lib/python3.10/site-packages/sklearn/utils/validation.py:2749: UserWarning: X does not have valid feature names, but LGBMRegressor was fitted with feature names
  warnings.warn(
[LightGBM] [Warning] min_data_in_leaf is set=50, min_child_samples=20 will be ignored. Current value: min_data_in_leaf=50
/Users/johnb/Workspace/btc-predictor/.venv/lib/python3.10/site-packages/sklearn/utils/validation.py:2749: UserWarning: X does not have valid feature names, but LGBMRegressor was fitted with feature names
  warnings.warn(
[LightGBM] [Warning] min_data_in_leaf is set=50, min_child_samples=20 will be ignored. Current value: min_data_in_leaf=50
/Users/johnb/Workspace/btc-predictor/.venv/lib/python3.10/site-packages/sklearn/utils/validation.py:2749: UserWarning: X does not have valid feature names, but LGBMRegressor was fitted with feature names
  warnings.warn(
[LightGBM] [Warning] min_data_in_leaf is set=50, min_child_samples=20 will be ignored. Current value: min_data_in_leaf=50
/Users/johnb/Workspace/btc-predictor/.venv/lib/python3.10/site-packages/sklearn/utils/validation.py:2749: UserWarning: X does not have valid feature names, but LGBMRegressor was fitted with feature names
  warnings.warn(
[LightGBM] [Warning] min_data_in_leaf is set=50, min_child_samples=20 will be ignored. Current value: min_data_in_leaf=50
/Users/johnb/Workspace/btc-predictor/.venv/lib/python3.10/site-packages/sklearn/utils/validation.py:2749: UserWarning: X does not have valid feature names, but LGBMRegressor was fitted with feature names
  warnings.warn(
[LightGBM] [Warning] min_data_in_leaf is set=50, min_child_samples=20 will be ignored. Current value: min_data_in_leaf=50
/Users/johnb/Workspace/btc-predictor/.venv/lib/python3.10/site-packages/sklearn/utils/validation.py:2749: UserWarning: X does not have valid feature names, but LGBMRegressor was fitted with feature names
  warnings.warn(
[LightGBM] [Warning] min_data_in_leaf is set=50, min_child_samples=20 will be ignored. Current value: min_data_in_leaf=50
/Users/johnb/Workspace/btc-predictor/.venv/lib/python3.10/site-packages/sklearn/utils/validation.py:2749: UserWarning: X does not have valid feature names, but LGBMRegressor was fitted with feature names
  warnings.warn(
[LightGBM] [Warning] min_data_in_leaf is set=50, min_child_samples=20 will be ignored. Current value: min_data_in_leaf=50
/Users/johnb/Workspace/btc-predictor/.venv/lib/python3.10/site-packages/sklearn/utils/validation.py:2749: UserWarning: X does not have valid feature names, but LGBMRegressor was fitted with feature names
  warnings.warn(
[LightGBM] [Warning] min_data_in_leaf is set=50, min_child_samples=20 will be ignored. Current value: min_data_in_leaf=50
/Users/johnb/Workspace/btc-predictor/.venv/lib/python3.10/site-packages/sklearn/utils/validation.py:2749: UserWarning: X does not have valid feature names, but LGBMRegressor was fitted with feature names
  warnings.warn(
[LightGBM] [Warning] min_data_in_leaf is set=50, min_child_samples=20 will be ignored. Current value: min_data_in_leaf=50
/Users/johnb/Workspace/btc-predictor/.venv/lib/python3.10/site-packages/sklearn/utils/validation.py:2749: UserWarning: X does not have valid feature names, but LGBMRegressor was fitted with feature names
  warnings.warn(
[LightGBM] [Warning] min_data_in_leaf is set=50, min_child_samples=20 will be ignored. Current value: min_data_in_leaf=50
/Users/johnb/Workspace/btc-predictor/.venv/lib/python3.10/site-packages/sklearn/utils/validation.py:2749: UserWarning: X does not have valid feature names, but LGBMRegressor was fitted with feature names
  warnings.warn(
[LightGBM] [Warning] min_data_in_leaf is set=50, min_child_samples=20 will be ignored. Current value: min_data_in_leaf=50
Fold 1 completed.
Fold 2/7...
/Users/johnb/Workspace/btc-predictor/.venv/lib/python3.10/site-packages/sklearn/utils/validation.py:2749: UserWarning: X does not have valid feature names, but LGBMRegressor was fitted with feature names
  warnings.warn(
[LightGBM] [Warning] min_data_in_leaf is set=50, min_child_samples=20 will be ignored. Current value: min_data_in_leaf=50
/Users/johnb/Workspace/btc-predictor/.venv/lib/python3.10/site-packages/sklearn/utils/validation.py:2749: UserWarning: X does not have valid feature names, but LGBMRegressor was fitted with feature names
  warnings.warn(
[LightGBM] [Warning] min_data_in_leaf is set=50, min_child_samples=20 will be ignored. Current value: min_data_in_leaf=50
/Users/johnb/Workspace/btc-predictor/.venv/lib/python3.10/site-packages/sklearn/utils/validation.py:2749: UserWarning: X does not have valid feature names, but LGBMRegressor was fitted with feature names
  warnings.warn(
[LightGBM] [Warning] min_data_in_leaf is set=50, min_child_samples=20 will be ignored. Current value: min_data_in_leaf=50
/Users/johnb/Workspace/btc-predictor/.venv/lib/python3.10/site-packages/sklearn/utils/validation.py:2749: UserWarning: X does not have valid feature names, but LGBMRegressor was fitted with feature names
  warnings.warn(
[LightGBM] [Warning] min_data_in_leaf is set=50, min_child_samples=20 will be ignored. Current value: min_data_in_leaf=50
/Users/johnb/Workspace/btc-predictor/.venv/lib/python3.10/site-packages/sklearn/utils/validation.py:2749: UserWarning: X does not have valid feature names, but LGBMRegressor was fitted with feature names
  warnings.warn(
[LightGBM] [Warning] min_data_in_leaf is set=50, min_child_samples=20 will be ignored. Current value: min_data_in_leaf=50
/Users/johnb/Workspace/btc-predictor/.venv/lib/python3.10/site-packages/sklearn/utils/validation.py:2749: UserWarning: X does not have valid feature names, but LGBMRegressor was fitted with feature names
  warnings.warn(
[LightGBM] [Warning] min_data_in_leaf is set=50, min_child_samples=20 will be ignored. Current value: min_data_in_leaf=50
/Users/johnb/Workspace/btc-predictor/.venv/lib/python3.10/site-packages/sklearn/utils/validation.py:2749: UserWarning: X does not have valid feature names, but LGBMRegressor was fitted with feature names
  warnings.warn(
[LightGBM] [Warning] min_data_in_leaf is set=50, min_child_samples=20 will be ignored. Current value: min_data_in_leaf=50
/Users/johnb/Workspace/btc-predictor/.venv/lib/python3.10/site-packages/sklearn/utils/validation.py:2749: UserWarning: X does not have valid feature names, but LGBMRegressor was fitted with feature names
  warnings.warn(
[LightGBM] [Warning] min_data_in_leaf is set=50, min_child_samples=20 will be ignored. Current value: min_data_in_leaf=50
/Users/johnb/Workspace/btc-predictor/.venv/lib/python3.10/site-packages/sklearn/utils/validation.py:2749: UserWarning: X does not have valid feature names, but LGBMRegressor was fitted with feature names
  warnings.warn(
[LightGBM] [Warning] min_data_in_leaf is set=50, min_child_samples=20 will be ignored. Current value: min_data_in_leaf=50
/Users/johnb/Workspace/btc-predictor/.venv/lib/python3.10/site-packages/sklearn/utils/validation.py:2749: UserWarning: X does not have valid feature names, but LGBMRegressor was fitted with feature names
  warnings.warn(
[LightGBM] [Warning] min_data_in_leaf is set=50, min_child_samples=20 will be ignored. Current value: min_data_in_leaf=50
/Users/johnb/Workspace/btc-predictor/.venv/lib/python3.10/site-packages/sklearn/utils/validation.py:2749: UserWarning: X does not have valid feature names, but LGBMRegressor was fitted with feature names
  warnings.warn(
[LightGBM] [Warning] min_data_in_leaf is set=50, min_child_samples=20 will be ignored. Current value: min_data_in_leaf=50
/Users/johnb/Workspace/btc-predictor/.venv/lib/python3.10/site-packages/sklearn/utils/validation.py:2749: UserWarning: X does not have valid feature names, but LGBMRegressor was fitted with feature names
  warnings.warn(
[LightGBM] [Warning] min_data_in_leaf is set=50, min_child_samples=20 will be ignored. Current value: min_data_in_leaf=50
/Users/johnb/Workspace/btc-predictor/.venv/lib/python3.10/site-packages/sklearn/utils/validation.py:2749: UserWarning: X does not have valid feature names, but LGBMRegressor was fitted with feature names
  warnings.warn(
[LightGBM] [Warning] min_data_in_leaf is set=50, min_child_samples=20 will be ignored. Current value: min_data_in_leaf=50
/Users/johnb/Workspace/btc-predictor/.venv/lib/python3.10/site-packages/sklearn/utils/validation.py:2749: UserWarning: X does not have valid feature names, but LGBMRegressor was fitted with feature names
  warnings.warn(
[LightGBM] [Warning] min_data_in_leaf is set=50, min_child_samples=20 will be ignored. Current value: min_data_in_leaf=50
/Users/johnb/Workspace/btc-predictor/.venv/lib/python3.10/site-packages/sklearn/utils/validation.py:2749: UserWarning: X does not have valid feature names, but LGBMRegressor was fitted with feature names
  warnings.warn(
[LightGBM] [Warning] min_data_in_leaf is set=50, min_child_samples=20 will be ignored. Current value: min_data_in_leaf=50
/Users/johnb/Workspace/btc-predictor/.venv/lib/python3.10/site-packages/sklearn/utils/validation.py:2749: UserWarning: X does not have valid feature names, but LGBMRegressor was fitted with feature names
  warnings.warn(
[LightGBM] [Warning] min_data_in_leaf is set=50, min_child_samples=20 will be ignored. Current value: min_data_in_leaf=50
/Users/johnb/Workspace/btc-predictor/.venv/lib/python3.10/site-packages/sklearn/utils/validation.py:2749: UserWarning: X does not have valid feature names, but LGBMRegressor was fitted with feature names
  warnings.warn(
[LightGBM] [Warning] min_data_in_leaf is set=50, min_child_samples=20 will be ignored. Current value: min_data_in_leaf=50
/Users/johnb/Workspace/btc-predictor/.venv/lib/python3.10/site-packages/sklearn/utils/validation.py:2749: UserWarning: X does not have valid feature names, but LGBMRegressor was fitted with feature names
  warnings.warn(
[LightGBM] [Warning] min_data_in_leaf is set=50, min_child_samples=20 will be ignored. Current value: min_data_in_leaf=50
/Users/johnb/Workspace/btc-predictor/.venv/lib/python3.10/site-packages/sklearn/utils/validation.py:2749: UserWarning: X does not have valid feature names, but LGBMRegressor was fitted with feature names
  warnings.warn(
[LightGBM] [Warning] min_data_in_leaf is set=50, min_child_samples=20 will be ignored. Current value: min_data_in_leaf=50
/Users/johnb/Workspace/btc-predictor/.venv/lib/python3.10/site-packages/sklearn/utils/validation.py:2749: UserWarning: X does not have valid feature names, but LGBMRegressor was fitted with feature names
  warnings.warn(
[LightGBM] [Warning] min_data_in_leaf is set=50, min_child_samples=20 will be ignored. Current value: min_data_in_leaf=50
/Users/johnb/Workspace/btc-predictor/.venv/lib/python3.10/site-packages/sklearn/utils/validation.py:2749: UserWarning: X does not have valid feature names, but LGBMRegressor was fitted with feature names
  warnings.warn(
[LightGBM] [Warning] min_data_in_leaf is set=50, min_child_samples=20 will be ignored. Current value: min_data_in_leaf=50
/Users/johnb/Workspace/btc-predictor/.venv/lib/python3.10/site-packages/sklearn/utils/validation.py:2749: UserWarning: X does not have valid feature names, but LGBMRegressor was fitted with feature names
  warnings.warn(
[LightGBM] [Warning] min_data_in_leaf is set=50, min_child_samples=20 will be ignored. Current value: min_data_in_leaf=50
/Users/johnb/Workspace/btc-predictor/.venv/lib/python3.10/site-packages/sklearn/utils/validation.py:2749: UserWarning: X does not have valid feature names, but LGBMRegressor was fitted with feature names
  warnings.warn(
[LightGBM] [Warning] min_data_in_leaf is set=50, min_child_samples=20 will be ignored. Current value: min_data_in_leaf=50
/Users/johnb/Workspace/btc-predictor/.venv/lib/python3.10/site-packages/sklearn/utils/validation.py:2749: UserWarning: X does not have valid feature names, but LGBMRegressor was fitted with feature names
  warnings.warn(
[LightGBM] [Warning] min_data_in_leaf is set=50, min_child_samples=20 will be ignored. Current value: min_data_in_leaf=50
/Users/johnb/Workspace/btc-predictor/.venv/lib/python3.10/site-packages/sklearn/utils/validation.py:2749: UserWarning: X does not have valid feature names, but LGBMRegressor was fitted with feature names
  warnings.warn(
[LightGBM] [Warning] min_data_in_leaf is set=50, min_child_samples=20 will be ignored. Current value: min_data_in_leaf=50
/Users/johnb/Workspace/btc-predictor/.venv/lib/python3.10/site-packages/sklearn/utils/validation.py:2749: UserWarning: X does not have valid feature names, but LGBMRegressor was fitted with feature names
  warnings.warn(
[LightGBM] [Warning] min_data_in_leaf is set=50, min_child_samples=20 will be ignored. Current value: min_data_in_leaf=50
/Users/johnb/Workspace/btc-predictor/.venv/lib/python3.10/site-packages/sklearn/utils/validation.py:2749: UserWarning: X does not have valid feature names, but LGBMRegressor was fitted with feature names
  warnings.warn(
[LightGBM] [Warning] min_data_in_leaf is set=50, min_child_samples=20 will be ignored. Current value: min_data_in_leaf=50
/Users/johnb/Workspace/btc-predictor/.venv/lib/python3.10/site-packages/sklearn/utils/validation.py:2749: UserWarning: X does not have valid feature names, but LGBMRegressor was fitted with feature names
  warnings.warn(
[LightGBM] [Warning] min_data_in_leaf is set=50, min_child_samples=20 will be ignored. Current value: min_data_in_leaf=50
/Users/johnb/Workspace/btc-predictor/.venv/lib/python3.10/site-packages/sklearn/utils/validation.py:2749: UserWarning: X does not have valid feature names, but LGBMRegressor was fitted with feature names
  warnings.warn(
[LightGBM] [Warning] min_data_in_leaf is set=50, min_child_samples=20 will be ignored. Current value: min_data_in_leaf=50
/Users/johnb/Workspace/btc-predictor/.venv/lib/python3.10/site-packages/sklearn/utils/validation.py:2749: UserWarning: X does not have valid feature names, but LGBMRegressor was fitted with feature names
  warnings.warn(
[LightGBM] [Warning] min_data_in_leaf is set=50, min_child_samples=20 will be ignored. Current value: min_data_in_leaf=50
/Users/johnb/Workspace/btc-predictor/.venv/lib/python3.10/site-packages/sklearn/utils/validation.py:2749: UserWarning: X does not have valid feature names, but LGBMRegressor was fitted with feature names
  warnings.warn(
[LightGBM] [Warning] min_data_in_leaf is set=50, min_child_samples=20 will be ignored. Current value: min_data_in_leaf=50
/Users/johnb/Workspace/btc-predictor/.venv/lib/python3.10/site-packages/sklearn/utils/validation.py:2749: UserWarning: X does not have valid feature names, but LGBMRegressor was fitted with feature names
  warnings.warn(
[LightGBM] [Warning] min_data_in_leaf is set=50, min_child_samples=20 will be ignored. Current value: min_data_in_leaf=50
/Users/johnb/Workspace/btc-predictor/.venv/lib/python3.10/site-packages/sklearn/utils/validation.py:2749: UserWarning: X does not have valid feature names, but LGBMRegressor was fitted with feature names
  warnings.warn(
[LightGBM] [Warning] min_data_in_leaf is set=50, min_child_samples=20 will be ignored. Current value: min_data_in_leaf=50
/Users/johnb/Workspace/btc-predictor/.venv/lib/python3.10/site-packages/sklearn/utils/validation.py:2749: UserWarning: X does not have valid feature names, but LGBMRegressor was fitted with feature names
  warnings.warn(
[LightGBM] [Warning] min_data_in_leaf is set=50, min_child_samples=20 will be ignored. Current value: min_data_in_leaf=50
/Users/johnb/Workspace/btc-predictor/.venv/lib/python3.10/site-packages/sklearn/utils/validation.py:2749: UserWarning: X does not have valid feature names, but LGBMRegressor was fitted with feature names
  warnings.warn(
[LightGBM] [Warning] min_data_in_leaf is set=50, min_child_samples=20 will be ignored. Current value: min_data_in_leaf=50
/Users/johnb/Workspace/btc-predictor/.venv/lib/python3.10/site-packages/sklearn/utils/validation.py:2749: UserWarning: X does not have valid feature names, but LGBMRegressor was fitted with feature names
  warnings.warn(
[LightGBM] [Warning] min_data_in_leaf is set=50, min_child_samples=20 will be ignored. Current value: min_data_in_leaf=50
Fold 2 completed.
Fold 3/7...
/Users/johnb/Workspace/btc-predictor/.venv/lib/python3.10/site-packages/sklearn/utils/validation.py:2749: UserWarning: X does not have valid feature names, but LGBMRegressor was fitted with feature names
  warnings.warn(
[LightGBM] [Warning] min_data_in_leaf is set=50, min_child_samples=20 will be ignored. Current value: min_data_in_leaf=50
/Users/johnb/Workspace/btc-predictor/.venv/lib/python3.10/site-packages/sklearn/utils/validation.py:2749: UserWarning: X does not have valid feature names, but LGBMRegressor was fitted with feature names
  warnings.warn(
[LightGBM] [Warning] min_data_in_leaf is set=50, min_child_samples=20 will be ignored. Current value: min_data_in_leaf=50
/Users/johnb/Workspace/btc-predictor/.venv/lib/python3.10/site-packages/sklearn/utils/validation.py:2749: UserWarning: X does not have valid feature names, but LGBMRegressor was fitted with feature names
  warnings.warn(
[LightGBM] [Warning] min_data_in_leaf is set=50, min_child_samples=20 will be ignored. Current value: min_data_in_leaf=50
/Users/johnb/Workspace/btc-predictor/.venv/lib/python3.10/site-packages/sklearn/utils/validation.py:2749: UserWarning: X does not have valid feature names, but LGBMRegressor was fitted with feature names
  warnings.warn(
[LightGBM] [Warning] min_data_in_leaf is set=50, min_child_samples=20 will be ignored. Current value: min_data_in_leaf=50
/Users/johnb/Workspace/btc-predictor/.venv/lib/python3.10/site-packages/sklearn/utils/validation.py:2749: UserWarning: X does not have valid feature names, but LGBMRegressor was fitted with feature names
  warnings.warn(
[LightGBM] [Warning] min_data_in_leaf is set=50, min_child_samples=20 will be ignored. Current value: min_data_in_leaf=50
/Users/johnb/Workspace/btc-predictor/.venv/lib/python3.10/site-packages/sklearn/utils/validation.py:2749: UserWarning: X does not have valid feature names, but LGBMRegressor was fitted with feature names
  warnings.warn(
[LightGBM] [Warning] min_data_in_leaf is set=50, min_child_samples=20 will be ignored. Current value: min_data_in_leaf=50
/Users/johnb/Workspace/btc-predictor/.venv/lib/python3.10/site-packages/sklearn/utils/validation.py:2749: UserWarning: X does not have valid feature names, but LGBMRegressor was fitted with feature names
  warnings.warn(
[LightGBM] [Warning] min_data_in_leaf is set=50, min_child_samples=20 will be ignored. Current value: min_data_in_leaf=50
/Users/johnb/Workspace/btc-predictor/.venv/lib/python3.10/site-packages/sklearn/utils/validation.py:2749: UserWarning: X does not have valid feature names, but LGBMRegressor was fitted with feature names
  warnings.warn(
[LightGBM] [Warning] min_data_in_leaf is set=50, min_child_samples=20 will be ignored. Current value: min_data_in_leaf=50
/Users/johnb/Workspace/btc-predictor/.venv/lib/python3.10/site-packages/sklearn/utils/validation.py:2749: UserWarning: X does not have valid feature names, but LGBMRegressor was fitted with feature names
  warnings.warn(
[LightGBM] [Warning] min_data_in_leaf is set=50, min_child_samples=20 will be ignored. Current value: min_data_in_leaf=50
/Users/johnb/Workspace/btc-predictor/.venv/lib/python3.10/site-packages/sklearn/utils/validation.py:2749: UserWarning: X does not have valid feature names, but LGBMRegressor was fitted with feature names
  warnings.warn(
[LightGBM] [Warning] min_data_in_leaf is set=50, min_child_samples=20 will be ignored. Current value: min_data_in_leaf=50
/Users/johnb/Workspace/btc-predictor/.venv/lib/python3.10/site-packages/sklearn/utils/validation.py:2749: UserWarning: X does not have valid feature names, but LGBMRegressor was fitted with feature names
  warnings.warn(
[LightGBM] [Warning] min_data_in_leaf is set=50, min_child_samples=20 will be ignored. Current value: min_data_in_leaf=50
/Users/johnb/Workspace/btc-predictor/.venv/lib/python3.10/site-packages/sklearn/utils/validation.py:2749: UserWarning: X does not have valid feature names, but LGBMRegressor was fitted with feature names
  warnings.warn(
[LightGBM] [Warning] min_data_in_leaf is set=50, min_child_samples=20 will be ignored. Current value: min_data_in_leaf=50
/Users/johnb/Workspace/btc-predictor/.venv/lib/python3.10/site-packages/sklearn/utils/validation.py:2749: UserWarning: X does not have valid feature names, but LGBMRegressor was fitted with feature names
  warnings.warn(
[LightGBM] [Warning] min_data_in_leaf is set=50, min_child_samples=20 will be ignored. Current value: min_data_in_leaf=50
/Users/johnb/Workspace/btc-predictor/.venv/lib/python3.10/site-packages/sklearn/utils/validation.py:2749: UserWarning: X does not have valid feature names, but LGBMRegressor was fitted with feature names
  warnings.warn(
[LightGBM] [Warning] min_data_in_leaf is set=50, min_child_samples=20 will be ignored. Current value: min_data_in_leaf=50
/Users/johnb/Workspace/btc-predictor/.venv/lib/python3.10/site-packages/sklearn/utils/validation.py:2749: UserWarning: X does not have valid feature names, but LGBMRegressor was fitted with feature names
  warnings.warn(
[LightGBM] [Warning] min_data_in_leaf is set=50, min_child_samples=20 will be ignored. Current value: min_data_in_leaf=50
/Users/johnb/Workspace/btc-predictor/.venv/lib/python3.10/site-packages/sklearn/utils/validation.py:2749: UserWarning: X does not have valid feature names, but LGBMRegressor was fitted with feature names
  warnings.warn(
[LightGBM] [Warning] min_data_in_leaf is set=50, min_child_samples=20 will be ignored. Current value: min_data_in_leaf=50
/Users/johnb/Workspace/btc-predictor/.venv/lib/python3.10/site-packages/sklearn/utils/validation.py:2749: UserWarning: X does not have valid feature names, but LGBMRegressor was fitted with feature names
  warnings.warn(
[LightGBM] [Warning] min_data_in_leaf is set=50, min_child_samples=20 will be ignored. Current value: min_data_in_leaf=50
/Users/johnb/Workspace/btc-predictor/.venv/lib/python3.10/site-packages/sklearn/utils/validation.py:2749: UserWarning: X does not have valid feature names, but LGBMRegressor was fitted with feature names
  warnings.warn(
[LightGBM] [Warning] min_data_in_leaf is set=50, min_child_samples=20 will be ignored. Current value: min_data_in_leaf=50
/Users/johnb/Workspace/btc-predictor/.venv/lib/python3.10/site-packages/sklearn/utils/validation.py:2749: UserWarning: X does not have valid feature names, but LGBMRegressor was fitted with feature names
  warnings.warn(
[LightGBM] [Warning] min_data_in_leaf is set=50, min_child_samples=20 will be ignored. Current value: min_data_in_leaf=50
/Users/johnb/Workspace/btc-predictor/.venv/lib/python3.10/site-packages/sklearn/utils/validation.py:2749: UserWarning: X does not have valid feature names, but LGBMRegressor was fitted with feature names
  warnings.warn(
[LightGBM] [Warning] min_data_in_leaf is set=50, min_child_samples=20 will be ignored. Current value: min_data_in_leaf=50
/Users/johnb/Workspace/btc-predictor/.venv/lib/python3.10/site-packages/sklearn/utils/validation.py:2749: UserWarning: X does not have valid feature names, but LGBMRegressor was fitted with feature names
  warnings.warn(
[LightGBM] [Warning] min_data_in_leaf is set=50, min_child_samples=20 will be ignored. Current value: min_data_in_leaf=50
/Users/johnb/Workspace/btc-predictor/.venv/lib/python3.10/site-packages/sklearn/utils/validation.py:2749: UserWarning: X does not have valid feature names, but LGBMRegressor was fitted with feature names
  warnings.warn(
[LightGBM] [Warning] min_data_in_leaf is set=50, min_child_samples=20 will be ignored. Current value: min_data_in_leaf=50
/Users/johnb/Workspace/btc-predictor/.venv/lib/python3.10/site-packages/sklearn/utils/validation.py:2749: UserWarning: X does not have valid feature names, but LGBMRegressor was fitted with feature names
  warnings.warn(
[LightGBM] [Warning] min_data_in_leaf is set=50, min_child_samples=20 will be ignored. Current value: min_data_in_leaf=50
/Users/johnb/Workspace/btc-predictor/.venv/lib/python3.10/site-packages/sklearn/utils/validation.py:2749: UserWarning: X does not have valid feature names, but LGBMRegressor was fitted with feature names
  warnings.warn(
[LightGBM] [Warning] min_data_in_leaf is set=50, min_child_samples=20 will be ignored. Current value: min_data_in_leaf=50
/Users/johnb/Workspace/btc-predictor/.venv/lib/python3.10/site-packages/sklearn/utils/validation.py:2749: UserWarning: X does not have valid feature names, but LGBMRegressor was fitted with feature names
  warnings.warn(
[LightGBM] [Warning] min_data_in_leaf is set=50, min_child_samples=20 will be ignored. Current value: min_data_in_leaf=50
/Users/johnb/Workspace/btc-predictor/.venv/lib/python3.10/site-packages/sklearn/utils/validation.py:2749: UserWarning: X does not have valid feature names, but LGBMRegressor was fitted with feature names
  warnings.warn(
[LightGBM] [Warning] min_data_in_leaf is set=50, min_child_samples=20 will be ignored. Current value: min_data_in_leaf=50
/Users/johnb/Workspace/btc-predictor/.venv/lib/python3.10/site-packages/sklearn/utils/validation.py:2749: UserWarning: X does not have valid feature names, but LGBMRegressor was fitted with feature names
  warnings.warn(
[LightGBM] [Warning] min_data_in_leaf is set=50, min_child_samples=20 will be ignored. Current value: min_data_in_leaf=50
/Users/johnb/Workspace/btc-predictor/.venv/lib/python3.10/site-packages/sklearn/utils/validation.py:2749: UserWarning: X does not have valid feature names, but LGBMRegressor was fitted with feature names
  warnings.warn(
[LightGBM] [Warning] min_data_in_leaf is set=50, min_child_samples=20 will be ignored. Current value: min_data_in_leaf=50
/Users/johnb/Workspace/btc-predictor/.venv/lib/python3.10/site-packages/sklearn/utils/validation.py:2749: UserWarning: X does not have valid feature names, but LGBMRegressor was fitted with feature names
  warnings.warn(
[LightGBM] [Warning] min_data_in_leaf is set=50, min_child_samples=20 will be ignored. Current value: min_data_in_leaf=50
/Users/johnb/Workspace/btc-predictor/.venv/lib/python3.10/site-packages/sklearn/utils/validation.py:2749: UserWarning: X does not have valid feature names, but LGBMRegressor was fitted with feature names
  warnings.warn(
[LightGBM] [Warning] min_data_in_leaf is set=50, min_child_samples=20 will be ignored. Current value: min_data_in_leaf=50
/Users/johnb/Workspace/btc-predictor/.venv/lib/python3.10/site-packages/sklearn/utils/validation.py:2749: UserWarning: X does not have valid feature names, but LGBMRegressor was fitted with feature names
  warnings.warn(
[LightGBM] [Warning] min_data_in_leaf is set=50, min_child_samples=20 will be ignored. Current value: min_data_in_leaf=50
/Users/johnb/Workspace/btc-predictor/.venv/lib/python3.10/site-packages/sklearn/utils/validation.py:2749: UserWarning: X does not have valid feature names, but LGBMRegressor was fitted with feature names
  warnings.warn(
[LightGBM] [Warning] min_data_in_leaf is set=50, min_child_samples=20 will be ignored. Current value: min_data_in_leaf=50
/Users/johnb/Workspace/btc-predictor/.venv/lib/python3.10/site-packages/sklearn/utils/validation.py:2749: UserWarning: X does not have valid feature names, but LGBMRegressor was fitted with feature names
  warnings.warn(
[LightGBM] [Warning] min_data_in_leaf is set=50, min_child_samples=20 will be ignored. Current value: min_data_in_leaf=50
/Users/johnb/Workspace/btc-predictor/.venv/lib/python3.10/site-packages/sklearn/utils/validation.py:2749: UserWarning: X does not have valid feature names, but LGBMRegressor was fitted with feature names
  warnings.warn(
[LightGBM] [Warning] min_data_in_leaf is set=50, min_child_samples=20 will be ignored. Current value: min_data_in_leaf=50
/Users/johnb/Workspace/btc-predictor/.venv/lib/python3.10/site-packages/sklearn/utils/validation.py:2749: UserWarning: X does not have valid feature names, but LGBMRegressor was fitted with feature names
  warnings.warn(
[LightGBM] [Warning] min_data_in_leaf is set=50, min_child_samples=20 will be ignored. Current value: min_data_in_leaf=50
/Users/johnb/Workspace/btc-predictor/.venv/lib/python3.10/site-packages/sklearn/utils/validation.py:2749: UserWarning: X does not have valid feature names, but LGBMRegressor was fitted with feature names
  warnings.warn(
[LightGBM] [Warning] min_data_in_leaf is set=50, min_child_samples=20 will be ignored. Current value: min_data_in_leaf=50
Fold 3 completed.
Fold 4/7...
/Users/johnb/Workspace/btc-predictor/.venv/lib/python3.10/site-packages/sklearn/utils/validation.py:2749: UserWarning: X does not have valid feature names, but LGBMRegressor was fitted with feature names
  warnings.warn(
[LightGBM] [Warning] min_data_in_leaf is set=50, min_child_samples=20 will be ignored. Current value: min_data_in_leaf=50
/Users/johnb/Workspace/btc-predictor/.venv/lib/python3.10/site-packages/sklearn/utils/validation.py:2749: UserWarning: X does not have valid feature names, but LGBMRegressor was fitted with feature names
  warnings.warn(
[LightGBM] [Warning] min_data_in_leaf is set=50, min_child_samples=20 will be ignored. Current value: min_data_in_leaf=50
/Users/johnb/Workspace/btc-predictor/.venv/lib/python3.10/site-packages/sklearn/utils/validation.py:2749: UserWarning: X does not have valid feature names, but LGBMRegressor was fitted with feature names
  warnings.warn(
[LightGBM] [Warning] min_data_in_leaf is set=50, min_child_samples=20 will be ignored. Current value: min_data_in_leaf=50
/Users/johnb/Workspace/btc-predictor/.venv/lib/python3.10/site-packages/sklearn/utils/validation.py:2749: UserWarning: X does not have valid feature names, but LGBMRegressor was fitted with feature names
  warnings.warn(
[LightGBM] [Warning] min_data_in_leaf is set=50, min_child_samples=20 will be ignored. Current value: min_data_in_leaf=50
/Users/johnb/Workspace/btc-predictor/.venv/lib/python3.10/site-packages/sklearn/utils/validation.py:2749: UserWarning: X does not have valid feature names, but LGBMRegressor was fitted with feature names
  warnings.warn(
[LightGBM] [Warning] min_data_in_leaf is set=50, min_child_samples=20 will be ignored. Current value: min_data_in_leaf=50
/Users/johnb/Workspace/btc-predictor/.venv/lib/python3.10/site-packages/sklearn/utils/validation.py:2749: UserWarning: X does not have valid feature names, but LGBMRegressor was fitted with feature names
  warnings.warn(
[LightGBM] [Warning] min_data_in_leaf is set=50, min_child_samples=20 will be ignored. Current value: min_data_in_leaf=50
/Users/johnb/Workspace/btc-predictor/.venv/lib/python3.10/site-packages/sklearn/utils/validation.py:2749: UserWarning: X does not have valid feature names, but LGBMRegressor was fitted with feature names
  warnings.warn(
[LightGBM] [Warning] min_data_in_leaf is set=50, min_child_samples=20 will be ignored. Current value: min_data_in_leaf=50
/Users/johnb/Workspace/btc-predictor/.venv/lib/python3.10/site-packages/sklearn/utils/validation.py:2749: UserWarning: X does not have valid feature names, but LGBMRegressor was fitted with feature names
  warnings.warn(
[LightGBM] [Warning] min_data_in_leaf is set=50, min_child_samples=20 will be ignored. Current value: min_data_in_leaf=50
/Users/johnb/Workspace/btc-predictor/.venv/lib/python3.10/site-packages/sklearn/utils/validation.py:2749: UserWarning: X does not have valid feature names, but LGBMRegressor was fitted with feature names
  warnings.warn(
[LightGBM] [Warning] min_data_in_leaf is set=50, min_child_samples=20 will be ignored. Current value: min_data_in_leaf=50
/Users/johnb/Workspace/btc-predictor/.venv/lib/python3.10/site-packages/sklearn/utils/validation.py:2749: UserWarning: X does not have valid feature names, but LGBMRegressor was fitted with feature names
  warnings.warn(
[LightGBM] [Warning] min_data_in_leaf is set=50, min_child_samples=20 will be ignored. Current value: min_data_in_leaf=50
/Users/johnb/Workspace/btc-predictor/.venv/lib/python3.10/site-packages/sklearn/utils/validation.py:2749: UserWarning: X does not have valid feature names, but LGBMRegressor was fitted with feature names
  warnings.warn(
[LightGBM] [Warning] min_data_in_leaf is set=50, min_child_samples=20 will be ignored. Current value: min_data_in_leaf=50
/Users/johnb/Workspace/btc-predictor/.venv/lib/python3.10/site-packages/sklearn/utils/validation.py:2749: UserWarning: X does not have valid feature names, but LGBMRegressor was fitted with feature names
  warnings.warn(
[LightGBM] [Warning] min_data_in_leaf is set=50, min_child_samples=20 will be ignored. Current value: min_data_in_leaf=50
/Users/johnb/Workspace/btc-predictor/.venv/lib/python3.10/site-packages/sklearn/utils/validation.py:2749: UserWarning: X does not have valid feature names, but LGBMRegressor was fitted with feature names
  warnings.warn(
[LightGBM] [Warning] min_data_in_leaf is set=50, min_child_samples=20 will be ignored. Current value: min_data_in_leaf=50
/Users/johnb/Workspace/btc-predictor/.venv/lib/python3.10/site-packages/sklearn/utils/validation.py:2749: UserWarning: X does not have valid feature names, but LGBMRegressor was fitted with feature names
  warnings.warn(
[LightGBM] [Warning] min_data_in_leaf is set=50, min_child_samples=20 will be ignored. Current value: min_data_in_leaf=50
/Users/johnb/Workspace/btc-predictor/.venv/lib/python3.10/site-packages/sklearn/utils/validation.py:2749: UserWarning: X does not have valid feature names, but LGBMRegressor was fitted with feature names
  warnings.warn(
[LightGBM] [Warning] min_data_in_leaf is set=50, min_child_samples=20 will be ignored. Current value: min_data_in_leaf=50
/Users/johnb/Workspace/btc-predictor/.venv/lib/python3.10/site-packages/sklearn/utils/validation.py:2749: UserWarning: X does not have valid feature names, but LGBMRegressor was fitted with feature names
  warnings.warn(
[LightGBM] [Warning] min_data_in_leaf is set=50, min_child_samples=20 will be ignored. Current value: min_data_in_leaf=50
/Users/johnb/Workspace/btc-predictor/.venv/lib/python3.10/site-packages/sklearn/utils/validation.py:2749: UserWarning: X does not have valid feature names, but LGBMRegressor was fitted with feature names
  warnings.warn(
[LightGBM] [Warning] min_data_in_leaf is set=50, min_child_samples=20 will be ignored. Current value: min_data_in_leaf=50
/Users/johnb/Workspace/btc-predictor/.venv/lib/python3.10/site-packages/sklearn/utils/validation.py:2749: UserWarning: X does not have valid feature names, but LGBMRegressor was fitted with feature names
  warnings.warn(
[LightGBM] [Warning] min_data_in_leaf is set=50, min_child_samples=20 will be ignored. Current value: min_data_in_leaf=50
/Users/johnb/Workspace/btc-predictor/.venv/lib/python3.10/site-packages/sklearn/utils/validation.py:2749: UserWarning: X does not have valid feature names, but LGBMRegressor was fitted with feature names
  warnings.warn(
[LightGBM] [Warning] min_data_in_leaf is set=50, min_child_samples=20 will be ignored. Current value: min_data_in_leaf=50
/Users/johnb/Workspace/btc-predictor/.venv/lib/python3.10/site-packages/sklearn/utils/validation.py:2749: UserWarning: X does not have valid feature names, but LGBMRegressor was fitted with feature names
  warnings.warn(
[LightGBM] [Warning] min_data_in_leaf is set=50, min_child_samples=20 will be ignored. Current value: min_data_in_leaf=50
/Users/johnb/Workspace/btc-predictor/.venv/lib/python3.10/site-packages/sklearn/utils/validation.py:2749: UserWarning: X does not have valid feature names, but LGBMRegressor was fitted with feature names
  warnings.warn(
[LightGBM] [Warning] min_data_in_leaf is set=50, min_child_samples=20 will be ignored. Current value: min_data_in_leaf=50
/Users/johnb/Workspace/btc-predictor/.venv/lib/python3.10/site-packages/sklearn/utils/validation.py:2749: UserWarning: X does not have valid feature names, but LGBMRegressor was fitted with feature names
  warnings.warn(
[LightGBM] [Warning] min_data_in_leaf is set=50, min_child_samples=20 will be ignored. Current value: min_data_in_leaf=50
/Users/johnb/Workspace/btc-predictor/.venv/lib/python3.10/site-packages/sklearn/utils/validation.py:2749: UserWarning: X does not have valid feature names, but LGBMRegressor was fitted with feature names
  warnings.warn(
[LightGBM] [Warning] min_data_in_leaf is set=50, min_child_samples=20 will be ignored. Current value: min_data_in_leaf=50
/Users/johnb/Workspace/btc-predictor/.venv/lib/python3.10/site-packages/sklearn/utils/validation.py:2749: UserWarning: X does not have valid feature names, but LGBMRegressor was fitted with feature names
  warnings.warn(
[LightGBM] [Warning] min_data_in_leaf is set=50, min_child_samples=20 will be ignored. Current value: min_data_in_leaf=50
/Users/johnb/Workspace/btc-predictor/.venv/lib/python3.10/site-packages/sklearn/utils/validation.py:2749: UserWarning: X does not have valid feature names, but LGBMRegressor was fitted with feature names
  warnings.warn(
[LightGBM] [Warning] min_data_in_leaf is set=50, min_child_samples=20 will be ignored. Current value: min_data_in_leaf=50
/Users/johnb/Workspace/btc-predictor/.venv/lib/python3.10/site-packages/sklearn/utils/validation.py:2749: UserWarning: X does not have valid feature names, but LGBMRegressor was fitted with feature names
  warnings.warn(
[LightGBM] [Warning] min_data_in_leaf is set=50, min_child_samples=20 will be ignored. Current value: min_data_in_leaf=50
/Users/johnb/Workspace/btc-predictor/.venv/lib/python3.10/site-packages/sklearn/utils/validation.py:2749: UserWarning: X does not have valid feature names, but LGBMRegressor was fitted with feature names
  warnings.warn(
[LightGBM] [Warning] min_data_in_leaf is set=50, min_child_samples=20 will be ignored. Current value: min_data_in_leaf=50
/Users/johnb/Workspace/btc-predictor/.venv/lib/python3.10/site-packages/sklearn/utils/validation.py:2749: UserWarning: X does not have valid feature names, but LGBMRegressor was fitted with feature names
  warnings.warn(
[LightGBM] [Warning] min_data_in_leaf is set=50, min_child_samples=20 will be ignored. Current value: min_data_in_leaf=50
/Users/johnb/Workspace/btc-predictor/.venv/lib/python3.10/site-packages/sklearn/utils/validation.py:2749: UserWarning: X does not have valid feature names, but LGBMRegressor was fitted with feature names
  warnings.warn(
[LightGBM] [Warning] min_data_in_leaf is set=50, min_child_samples=20 will be ignored. Current value: min_data_in_leaf=50
/Users/johnb/Workspace/btc-predictor/.venv/lib/python3.10/site-packages/sklearn/utils/validation.py:2749: UserWarning: X does not have valid feature names, but LGBMRegressor was fitted with feature names
  warnings.warn(
[LightGBM] [Warning] min_data_in_leaf is set=50, min_child_samples=20 will be ignored. Current value: min_data_in_leaf=50
/Users/johnb/Workspace/btc-predictor/.venv/lib/python3.10/site-packages/sklearn/utils/validation.py:2749: UserWarning: X does not have valid feature names, but LGBMRegressor was fitted with feature names
  warnings.warn(
[LightGBM] [Warning] min_data_in_leaf is set=50, min_child_samples=20 will be ignored. Current value: min_data_in_leaf=50
/Users/johnb/Workspace/btc-predictor/.venv/lib/python3.10/site-packages/sklearn/utils/validation.py:2749: UserWarning: X does not have valid feature names, but LGBMRegressor was fitted with feature names
  warnings.warn(
[LightGBM] [Warning] min_data_in_leaf is set=50, min_child_samples=20 will be ignored. Current value: min_data_in_leaf=50
/Users/johnb/Workspace/btc-predictor/.venv/lib/python3.10/site-packages/sklearn/utils/validation.py:2749: UserWarning: X does not have valid feature names, but LGBMRegressor was fitted with feature names
  warnings.warn(
[LightGBM] [Warning] min_data_in_leaf is set=50, min_child_samples=20 will be ignored. Current value: min_data_in_leaf=50
/Users/johnb/Workspace/btc-predictor/.venv/lib/python3.10/site-packages/sklearn/utils/validation.py:2749: UserWarning: X does not have valid feature names, but LGBMRegressor was fitted with feature names
  warnings.warn(
[LightGBM] [Warning] min_data_in_leaf is set=50, min_child_samples=20 will be ignored. Current value: min_data_in_leaf=50
/Users/johnb/Workspace/btc-predictor/.venv/lib/python3.10/site-packages/sklearn/utils/validation.py:2749: UserWarning: X does not have valid feature names, but LGBMRegressor was fitted with feature names
  warnings.warn(
[LightGBM] [Warning] min_data_in_leaf is set=50, min_child_samples=20 will be ignored. Current value: min_data_in_leaf=50
/Users/johnb/Workspace/btc-predictor/.venv/lib/python3.10/site-packages/sklearn/utils/validation.py:2749: UserWarning: X does not have valid feature names, but LGBMRegressor was fitted with feature names
  warnings.warn(
[LightGBM] [Warning] min_data_in_leaf is set=50, min_child_samples=20 will be ignored. Current value: min_data_in_leaf=50
Fold 4 completed.
Fold 5/7...
/Users/johnb/Workspace/btc-predictor/.venv/lib/python3.10/site-packages/sklearn/utils/validation.py:2749: UserWarning: X does not have valid feature names, but LGBMRegressor was fitted with feature names
  warnings.warn(
[LightGBM] [Warning] min_data_in_leaf is set=50, min_child_samples=20 will be ignored. Current value: min_data_in_leaf=50
/Users/johnb/Workspace/btc-predictor/.venv/lib/python3.10/site-packages/sklearn/utils/validation.py:2749: UserWarning: X does not have valid feature names, but LGBMRegressor was fitted with feature names
  warnings.warn(
[LightGBM] [Warning] min_data_in_leaf is set=50, min_child_samples=20 will be ignored. Current value: min_data_in_leaf=50
/Users/johnb/Workspace/btc-predictor/.venv/lib/python3.10/site-packages/sklearn/utils/validation.py:2749: UserWarning: X does not have valid feature names, but LGBMRegressor was fitted with feature names
  warnings.warn(
[LightGBM] [Warning] min_data_in_leaf is set=50, min_child_samples=20 will be ignored. Current value: min_data_in_leaf=50
/Users/johnb/Workspace/btc-predictor/.venv/lib/python3.10/site-packages/sklearn/utils/validation.py:2749: UserWarning: X does not have valid feature names, but LGBMRegressor was fitted with feature names
  warnings.warn(
[LightGBM] [Warning] min_data_in_leaf is set=50, min_child_samples=20 will be ignored. Current value: min_data_in_leaf=50
/Users/johnb/Workspace/btc-predictor/.venv/lib/python3.10/site-packages/sklearn/utils/validation.py:2749: UserWarning: X does not have valid feature names, but LGBMRegressor was fitted with feature names
  warnings.warn(
[LightGBM] [Warning] min_data_in_leaf is set=50, min_child_samples=20 will be ignored. Current value: min_data_in_leaf=50
/Users/johnb/Workspace/btc-predictor/.venv/lib/python3.10/site-packages/sklearn/utils/validation.py:2749: UserWarning: X does not have valid feature names, but LGBMRegressor was fitted with feature names
  warnings.warn(
[LightGBM] [Warning] min_data_in_leaf is set=50, min_child_samples=20 will be ignored. Current value: min_data_in_leaf=50
/Users/johnb/Workspace/btc-predictor/.venv/lib/python3.10/site-packages/sklearn/utils/validation.py:2749: UserWarning: X does not have valid feature names, but LGBMRegressor was fitted with feature names
  warnings.warn(
[LightGBM] [Warning] min_data_in_leaf is set=50, min_child_samples=20 will be ignored. Current value: min_data_in_leaf=50
/Users/johnb/Workspace/btc-predictor/.venv/lib/python3.10/site-packages/sklearn/utils/validation.py:2749: UserWarning: X does not have valid feature names, but LGBMRegressor was fitted with feature names
  warnings.warn(
[LightGBM] [Warning] min_data_in_leaf is set=50, min_child_samples=20 will be ignored. Current value: min_data_in_leaf=50
/Users/johnb/Workspace/btc-predictor/.venv/lib/python3.10/site-packages/sklearn/utils/validation.py:2749: UserWarning: X does not have valid feature names, but LGBMRegressor was fitted with feature names
  warnings.warn(
[LightGBM] [Warning] min_data_in_leaf is set=50, min_child_samples=20 will be ignored. Current value: min_data_in_leaf=50
/Users/johnb/Workspace/btc-predictor/.venv/lib/python3.10/site-packages/sklearn/utils/validation.py:2749: UserWarning: X does not have valid feature names, but LGBMRegressor was fitted with feature names
  warnings.warn(
[LightGBM] [Warning] min_data_in_leaf is set=50, min_child_samples=20 will be ignored. Current value: min_data_in_leaf=50
/Users/johnb/Workspace/btc-predictor/.venv/lib/python3.10/site-packages/sklearn/utils/validation.py:2749: UserWarning: X does not have valid feature names, but LGBMRegressor was fitted with feature names
  warnings.warn(
[LightGBM] [Warning] min_data_in_leaf is set=50, min_child_samples=20 will be ignored. Current value: min_data_in_leaf=50
/Users/johnb/Workspace/btc-predictor/.venv/lib/python3.10/site-packages/sklearn/utils/validation.py:2749: UserWarning: X does not have valid feature names, but LGBMRegressor was fitted with feature names
  warnings.warn(
[LightGBM] [Warning] min_data_in_leaf is set=50, min_child_samples=20 will be ignored. Current value: min_data_in_leaf=50
/Users/johnb/Workspace/btc-predictor/.venv/lib/python3.10/site-packages/sklearn/utils/validation.py:2749: UserWarning: X does not have valid feature names, but LGBMRegressor was fitted with feature names
  warnings.warn(
[LightGBM] [Warning] min_data_in_leaf is set=50, min_child_samples=20 will be ignored. Current value: min_data_in_leaf=50
/Users/johnb/Workspace/btc-predictor/.venv/lib/python3.10/site-packages/sklearn/utils/validation.py:2749: UserWarning: X does not have valid feature names, but LGBMRegressor was fitted with feature names
  warnings.warn(
[LightGBM] [Warning] min_data_in_leaf is set=50, min_child_samples=20 will be ignored. Current value: min_data_in_leaf=50
/Users/johnb/Workspace/btc-predictor/.venv/lib/python3.10/site-packages/sklearn/utils/validation.py:2749: UserWarning: X does not have valid feature names, but LGBMRegressor was fitted with feature names
  warnings.warn(
[LightGBM] [Warning] min_data_in_leaf is set=50, min_child_samples=20 will be ignored. Current value: min_data_in_leaf=50
/Users/johnb/Workspace/btc-predictor/.venv/lib/python3.10/site-packages/sklearn/utils/validation.py:2749: UserWarning: X does not have valid feature names, but LGBMRegressor was fitted with feature names
  warnings.warn(
[LightGBM] [Warning] min_data_in_leaf is set=50, min_child_samples=20 will be ignored. Current value: min_data_in_leaf=50
/Users/johnb/Workspace/btc-predictor/.venv/lib/python3.10/site-packages/sklearn/utils/validation.py:2749: UserWarning: X does not have valid feature names, but LGBMRegressor was fitted with feature names
  warnings.warn(
[LightGBM] [Warning] min_data_in_leaf is set=50, min_child_samples=20 will be ignored. Current value: min_data_in_leaf=50
/Users/johnb/Workspace/btc-predictor/.venv/lib/python3.10/site-packages/sklearn/utils/validation.py:2749: UserWarning: X does not have valid feature names, but LGBMRegressor was fitted with feature names
  warnings.warn(
[LightGBM] [Warning] min_data_in_leaf is set=50, min_child_samples=20 will be ignored. Current value: min_data_in_leaf=50
/Users/johnb/Workspace/btc-predictor/.venv/lib/python3.10/site-packages/sklearn/utils/validation.py:2749: UserWarning: X does not have valid feature names, but LGBMRegressor was fitted with feature names
  warnings.warn(
[LightGBM] [Warning] min_data_in_leaf is set=50, min_child_samples=20 will be ignored. Current value: min_data_in_leaf=50
/Users/johnb/Workspace/btc-predictor/.venv/lib/python3.10/site-packages/sklearn/utils/validation.py:2749: UserWarning: X does not have valid feature names, but LGBMRegressor was fitted with feature names
  warnings.warn(
[LightGBM] [Warning] min_data_in_leaf is set=50, min_child_samples=20 will be ignored. Current value: min_data_in_leaf=50
/Users/johnb/Workspace/btc-predictor/.venv/lib/python3.10/site-packages/sklearn/utils/validation.py:2749: UserWarning: X does not have valid feature names, but LGBMRegressor was fitted with feature names
  warnings.warn(
[LightGBM] [Warning] min_data_in_leaf is set=50, min_child_samples=20 will be ignored. Current value: min_data_in_leaf=50
/Users/johnb/Workspace/btc-predictor/.venv/lib/python3.10/site-packages/sklearn/utils/validation.py:2749: UserWarning: X does not have valid feature names, but LGBMRegressor was fitted with feature names
  warnings.warn(
[LightGBM] [Warning] min_data_in_leaf is set=50, min_child_samples=20 will be ignored. Current value: min_data_in_leaf=50
/Users/johnb/Workspace/btc-predictor/.venv/lib/python3.10/site-packages/sklearn/utils/validation.py:2749: UserWarning: X does not have valid feature names, but LGBMRegressor was fitted with feature names
  warnings.warn(
[LightGBM] [Warning] min_data_in_leaf is set=50, min_child_samples=20 will be ignored. Current value: min_data_in_leaf=50
/Users/johnb/Workspace/btc-predictor/.venv/lib/python3.10/site-packages/sklearn/utils/validation.py:2749: UserWarning: X does not have valid feature names, but LGBMRegressor was fitted with feature names
  warnings.warn(
[LightGBM] [Warning] min_data_in_leaf is set=50, min_child_samples=20 will be ignored. Current value: min_data_in_leaf=50
/Users/johnb/Workspace/btc-predictor/.venv/lib/python3.10/site-packages/sklearn/utils/validation.py:2749: UserWarning: X does not have valid feature names, but LGBMRegressor was fitted with feature names
  warnings.warn(
[LightGBM] [Warning] min_data_in_leaf is set=50, min_child_samples=20 will be ignored. Current value: min_data_in_leaf=50
/Users/johnb/Workspace/btc-predictor/.venv/lib/python3.10/site-packages/sklearn/utils/validation.py:2749: UserWarning: X does not have valid feature names, but LGBMRegressor was fitted with feature names
  warnings.warn(
[LightGBM] [Warning] min_data_in_leaf is set=50, min_child_samples=20 will be ignored. Current value: min_data_in_leaf=50
/Users/johnb/Workspace/btc-predictor/.venv/lib/python3.10/site-packages/sklearn/utils/validation.py:2749: UserWarning: X does not have valid feature names, but LGBMRegressor was fitted with feature names
  warnings.warn(
[LightGBM] [Warning] min_data_in_leaf is set=50, min_child_samples=20 will be ignored. Current value: min_data_in_leaf=50
/Users/johnb/Workspace/btc-predictor/.venv/lib/python3.10/site-packages/sklearn/utils/validation.py:2749: UserWarning: X does not have valid feature names, but LGBMRegressor was fitted with feature names
  warnings.warn(
[LightGBM] [Warning] min_data_in_leaf is set=50, min_child_samples=20 will be ignored. Current value: min_data_in_leaf=50
/Users/johnb/Workspace/btc-predictor/.venv/lib/python3.10/site-packages/sklearn/utils/validation.py:2749: UserWarning: X does not have valid feature names, but LGBMRegressor was fitted with feature names
  warnings.warn(
[LightGBM] [Warning] min_data_in_leaf is set=50, min_child_samples=20 will be ignored. Current value: min_data_in_leaf=50
/Users/johnb/Workspace/btc-predictor/.venv/lib/python3.10/site-packages/sklearn/utils/validation.py:2749: UserWarning: X does not have valid feature names, but LGBMRegressor was fitted with feature names
  warnings.warn(
[LightGBM] [Warning] min_data_in_leaf is set=50, min_child_samples=20 will be ignored. Current value: min_data_in_leaf=50
/Users/johnb/Workspace/btc-predictor/.venv/lib/python3.10/site-packages/sklearn/utils/validation.py:2749: UserWarning: X does not have valid feature names, but LGBMRegressor was fitted with feature names
  warnings.warn(
[LightGBM] [Warning] min_data_in_leaf is set=50, min_child_samples=20 will be ignored. Current value: min_data_in_leaf=50
/Users/johnb/Workspace/btc-predictor/.venv/lib/python3.10/site-packages/sklearn/utils/validation.py:2749: UserWarning: X does not have valid feature names, but LGBMRegressor was fitted with feature names
  warnings.warn(
[LightGBM] [Warning] min_data_in_leaf is set=50, min_child_samples=20 will be ignored. Current value: min_data_in_leaf=50
/Users/johnb/Workspace/btc-predictor/.venv/lib/python3.10/site-packages/sklearn/utils/validation.py:2749: UserWarning: X does not have valid feature names, but LGBMRegressor was fitted with feature names
  warnings.warn(
[LightGBM] [Warning] min_data_in_leaf is set=50, min_child_samples=20 will be ignored. Current value: min_data_in_leaf=50
/Users/johnb/Workspace/btc-predictor/.venv/lib/python3.10/site-packages/sklearn/utils/validation.py:2749: UserWarning: X does not have valid feature names, but LGBMRegressor was fitted with feature names
  warnings.warn(
[LightGBM] [Warning] min_data_in_leaf is set=50, min_child_samples=20 will be ignored. Current value: min_data_in_leaf=50
/Users/johnb/Workspace/btc-predictor/.venv/lib/python3.10/site-packages/sklearn/utils/validation.py:2749: UserWarning: X does not have valid feature names, but LGBMRegressor was fitted with feature names
  warnings.warn(
[LightGBM] [Warning] min_data_in_leaf is set=50, min_child_samples=20 will be ignored. Current value: min_data_in_leaf=50
/Users/johnb/Workspace/btc-predictor/.venv/lib/python3.10/site-packages/sklearn/utils/validation.py:2749: UserWarning: X does not have valid feature names, but LGBMRegressor was fitted with feature names
  warnings.warn(
[LightGBM] [Warning] min_data_in_leaf is set=50, min_child_samples=20 will be ignored. Current value: min_data_in_leaf=50
Fold 5 completed.
Fold 6/7...
/Users/johnb/Workspace/btc-predictor/.venv/lib/python3.10/site-packages/sklearn/utils/validation.py:2749: UserWarning: X does not have valid feature names, but LGBMRegressor was fitted with feature names
  warnings.warn(
[LightGBM] [Warning] min_data_in_leaf is set=50, min_child_samples=20 will be ignored. Current value: min_data_in_leaf=50
/Users/johnb/Workspace/btc-predictor/.venv/lib/python3.10/site-packages/sklearn/utils/validation.py:2749: UserWarning: X does not have valid feature names, but LGBMRegressor was fitted with feature names
  warnings.warn(
[LightGBM] [Warning] min_data_in_leaf is set=50, min_child_samples=20 will be ignored. Current value: min_data_in_leaf=50
/Users/johnb/Workspace/btc-predictor/.venv/lib/python3.10/site-packages/sklearn/utils/validation.py:2749: UserWarning: X does not have valid feature names, but LGBMRegressor was fitted with feature names
  warnings.warn(
[LightGBM] [Warning] min_data_in_leaf is set=50, min_child_samples=20 will be ignored. Current value: min_data_in_leaf=50
/Users/johnb/Workspace/btc-predictor/.venv/lib/python3.10/site-packages/sklearn/utils/validation.py:2749: UserWarning: X does not have valid feature names, but LGBMRegressor was fitted with feature names
  warnings.warn(
[LightGBM] [Warning] min_data_in_leaf is set=50, min_child_samples=20 will be ignored. Current value: min_data_in_leaf=50
/Users/johnb/Workspace/btc-predictor/.venv/lib/python3.10/site-packages/sklearn/utils/validation.py:2749: UserWarning: X does not have valid feature names, but LGBMRegressor was fitted with feature names
  warnings.warn(
[LightGBM] [Warning] min_data_in_leaf is set=50, min_child_samples=20 will be ignored. Current value: min_data_in_leaf=50
/Users/johnb/Workspace/btc-predictor/.venv/lib/python3.10/site-packages/sklearn/utils/validation.py:2749: UserWarning: X does not have valid feature names, but LGBMRegressor was fitted with feature names
  warnings.warn(
[LightGBM] [Warning] min_data_in_leaf is set=50, min_child_samples=20 will be ignored. Current value: min_data_in_leaf=50
/Users/johnb/Workspace/btc-predictor/.venv/lib/python3.10/site-packages/sklearn/utils/validation.py:2749: UserWarning: X does not have valid feature names, but LGBMRegressor was fitted with feature names
  warnings.warn(
[LightGBM] [Warning] min_data_in_leaf is set=50, min_child_samples=20 will be ignored. Current value: min_data_in_leaf=50
/Users/johnb/Workspace/btc-predictor/.venv/lib/python3.10/site-packages/sklearn/utils/validation.py:2749: UserWarning: X does not have valid feature names, but LGBMRegressor was fitted with feature names
  warnings.warn(
[LightGBM] [Warning] min_data_in_leaf is set=50, min_child_samples=20 will be ignored. Current value: min_data_in_leaf=50
/Users/johnb/Workspace/btc-predictor/.venv/lib/python3.10/site-packages/sklearn/utils/validation.py:2749: UserWarning: X does not have valid feature names, but LGBMRegressor was fitted with feature names
  warnings.warn(
[LightGBM] [Warning] min_data_in_leaf is set=50, min_child_samples=20 will be ignored. Current value: min_data_in_leaf=50
/Users/johnb/Workspace/btc-predictor/.venv/lib/python3.10/site-packages/sklearn/utils/validation.py:2749: UserWarning: X does not have valid feature names, but LGBMRegressor was fitted with feature names
  warnings.warn(
[LightGBM] [Warning] min_data_in_leaf is set=50, min_child_samples=20 will be ignored. Current value: min_data_in_leaf=50
/Users/johnb/Workspace/btc-predictor/.venv/lib/python3.10/site-packages/sklearn/utils/validation.py:2749: UserWarning: X does not have valid feature names, but LGBMRegressor was fitted with feature names
  warnings.warn(
[LightGBM] [Warning] min_data_in_leaf is set=50, min_child_samples=20 will be ignored. Current value: min_data_in_leaf=50
/Users/johnb/Workspace/btc-predictor/.venv/lib/python3.10/site-packages/sklearn/utils/validation.py:2749: UserWarning: X does not have valid feature names, but LGBMRegressor was fitted with feature names
  warnings.warn(
[LightGBM] [Warning] min_data_in_leaf is set=50, min_child_samples=20 will be ignored. Current value: min_data_in_leaf=50
/Users/johnb/Workspace/btc-predictor/.venv/lib/python3.10/site-packages/sklearn/utils/validation.py:2749: UserWarning: X does not have valid feature names, but LGBMRegressor was fitted with feature names
  warnings.warn(
[LightGBM] [Warning] min_data_in_leaf is set=50, min_child_samples=20 will be ignored. Current value: min_data_in_leaf=50
/Users/johnb/Workspace/btc-predictor/.venv/lib/python3.10/site-packages/sklearn/utils/validation.py:2749: UserWarning: X does not have valid feature names, but LGBMRegressor was fitted with feature names
  warnings.warn(
[LightGBM] [Warning] min_data_in_leaf is set=50, min_child_samples=20 will be ignored. Current value: min_data_in_leaf=50
/Users/johnb/Workspace/btc-predictor/.venv/lib/python3.10/site-packages/sklearn/utils/validation.py:2749: UserWarning: X does not have valid feature names, but LGBMRegressor was fitted with feature names
  warnings.warn(
[LightGBM] [Warning] min_data_in_leaf is set=50, min_child_samples=20 will be ignored. Current value: min_data_in_leaf=50
/Users/johnb/Workspace/btc-predictor/.venv/lib/python3.10/site-packages/sklearn/utils/validation.py:2749: UserWarning: X does not have valid feature names, but LGBMRegressor was fitted with feature names
  warnings.warn(
[LightGBM] [Warning] min_data_in_leaf is set=50, min_child_samples=20 will be ignored. Current value: min_data_in_leaf=50
/Users/johnb/Workspace/btc-predictor/.venv/lib/python3.10/site-packages/sklearn/utils/validation.py:2749: UserWarning: X does not have valid feature names, but LGBMRegressor was fitted with feature names
  warnings.warn(
[LightGBM] [Warning] min_data_in_leaf is set=50, min_child_samples=20 will be ignored. Current value: min_data_in_leaf=50
/Users/johnb/Workspace/btc-predictor/.venv/lib/python3.10/site-packages/sklearn/utils/validation.py:2749: UserWarning: X does not have valid feature names, but LGBMRegressor was fitted with feature names
  warnings.warn(
[LightGBM] [Warning] min_data_in_leaf is set=50, min_child_samples=20 will be ignored. Current value: min_data_in_leaf=50
/Users/johnb/Workspace/btc-predictor/.venv/lib/python3.10/site-packages/sklearn/utils/validation.py:2749: UserWarning: X does not have valid feature names, but LGBMRegressor was fitted with feature names
  warnings.warn(
[LightGBM] [Warning] min_data_in_leaf is set=50, min_child_samples=20 will be ignored. Current value: min_data_in_leaf=50
/Users/johnb/Workspace/btc-predictor/.venv/lib/python3.10/site-packages/sklearn/utils/validation.py:2749: UserWarning: X does not have valid feature names, but LGBMRegressor was fitted with feature names
  warnings.warn(
[LightGBM] [Warning] min_data_in_leaf is set=50, min_child_samples=20 will be ignored. Current value: min_data_in_leaf=50
/Users/johnb/Workspace/btc-predictor/.venv/lib/python3.10/site-packages/sklearn/utils/validation.py:2749: UserWarning: X does not have valid feature names, but LGBMRegressor was fitted with feature names
  warnings.warn(
[LightGBM] [Warning] min_data_in_leaf is set=50, min_child_samples=20 will be ignored. Current value: min_data_in_leaf=50
/Users/johnb/Workspace/btc-predictor/.venv/lib/python3.10/site-packages/sklearn/utils/validation.py:2749: UserWarning: X does not have valid feature names, but LGBMRegressor was fitted with feature names
  warnings.warn(
[LightGBM] [Warning] min_data_in_leaf is set=50, min_child_samples=20 will be ignored. Current value: min_data_in_leaf=50
/Users/johnb/Workspace/btc-predictor/.venv/lib/python3.10/site-packages/sklearn/utils/validation.py:2749: UserWarning: X does not have valid feature names, but LGBMRegressor was fitted with feature names
  warnings.warn(
[LightGBM] [Warning] min_data_in_leaf is set=50, min_child_samples=20 will be ignored. Current value: min_data_in_leaf=50
/Users/johnb/Workspace/btc-predictor/.venv/lib/python3.10/site-packages/sklearn/utils/validation.py:2749: UserWarning: X does not have valid feature names, but LGBMRegressor was fitted with feature names
  warnings.warn(
[LightGBM] [Warning] min_data_in_leaf is set=50, min_child_samples=20 will be ignored. Current value: min_data_in_leaf=50
/Users/johnb/Workspace/btc-predictor/.venv/lib/python3.10/site-packages/sklearn/utils/validation.py:2749: UserWarning: X does not have valid feature names, but LGBMRegressor was fitted with feature names
  warnings.warn(
[LightGBM] [Warning] min_data_in_leaf is set=50, min_child_samples=20 will be ignored. Current value: min_data_in_leaf=50
/Users/johnb/Workspace/btc-predictor/.venv/lib/python3.10/site-packages/sklearn/utils/validation.py:2749: UserWarning: X does not have valid feature names, but LGBMRegressor was fitted with feature names
  warnings.warn(
[LightGBM] [Warning] min_data_in_leaf is set=50, min_child_samples=20 will be ignored. Current value: min_data_in_leaf=50
/Users/johnb/Workspace/btc-predictor/.venv/lib/python3.10/site-packages/sklearn/utils/validation.py:2749: UserWarning: X does not have valid feature names, but LGBMRegressor was fitted with feature names
  warnings.warn(
[LightGBM] [Warning] min_data_in_leaf is set=50, min_child_samples=20 will be ignored. Current value: min_data_in_leaf=50
/Users/johnb/Workspace/btc-predictor/.venv/lib/python3.10/site-packages/sklearn/utils/validation.py:2749: UserWarning: X does not have valid feature names, but LGBMRegressor was fitted with feature names
  warnings.warn(
[LightGBM] [Warning] min_data_in_leaf is set=50, min_child_samples=20 will be ignored. Current value: min_data_in_leaf=50
/Users/johnb/Workspace/btc-predictor/.venv/lib/python3.10/site-packages/sklearn/utils/validation.py:2749: UserWarning: X does not have valid feature names, but LGBMRegressor was fitted with feature names
  warnings.warn(
[LightGBM] [Warning] min_data_in_leaf is set=50, min_child_samples=20 will be ignored. Current value: min_data_in_leaf=50
/Users/johnb/Workspace/btc-predictor/.venv/lib/python3.10/site-packages/sklearn/utils/validation.py:2749: UserWarning: X does not have valid feature names, but LGBMRegressor was fitted with feature names
  warnings.warn(
[LightGBM] [Warning] min_data_in_leaf is set=50, min_child_samples=20 will be ignored. Current value: min_data_in_leaf=50
/Users/johnb/Workspace/btc-predictor/.venv/lib/python3.10/site-packages/sklearn/utils/validation.py:2749: UserWarning: X does not have valid feature names, but LGBMRegressor was fitted with feature names
  warnings.warn(
[LightGBM] [Warning] min_data_in_leaf is set=50, min_child_samples=20 will be ignored. Current value: min_data_in_leaf=50
/Users/johnb/Workspace/btc-predictor/.venv/lib/python3.10/site-packages/sklearn/utils/validation.py:2749: UserWarning: X does not have valid feature names, but LGBMRegressor was fitted with feature names
  warnings.warn(
[LightGBM] [Warning] min_data_in_leaf is set=50, min_child_samples=20 will be ignored. Current value: min_data_in_leaf=50
/Users/johnb/Workspace/btc-predictor/.venv/lib/python3.10/site-packages/sklearn/utils/validation.py:2749: UserWarning: X does not have valid feature names, but LGBMRegressor was fitted with feature names
  warnings.warn(
[LightGBM] [Warning] min_data_in_leaf is set=50, min_child_samples=20 will be ignored. Current value: min_data_in_leaf=50
/Users/johnb/Workspace/btc-predictor/.venv/lib/python3.10/site-packages/sklearn/utils/validation.py:2749: UserWarning: X does not have valid feature names, but LGBMRegressor was fitted with feature names
  warnings.warn(
[LightGBM] [Warning] min_data_in_leaf is set=50, min_child_samples=20 will be ignored. Current value: min_data_in_leaf=50
/Users/johnb/Workspace/btc-predictor/.venv/lib/python3.10/site-packages/sklearn/utils/validation.py:2749: UserWarning: X does not have valid feature names, but LGBMRegressor was fitted with feature names
  warnings.warn(
[LightGBM] [Warning] min_data_in_leaf is set=50, min_child_samples=20 will be ignored. Current value: min_data_in_leaf=50
/Users/johnb/Workspace/btc-predictor/.venv/lib/python3.10/site-packages/sklearn/utils/validation.py:2749: UserWarning: X does not have valid feature names, but LGBMRegressor was fitted with feature names
  warnings.warn(
[LightGBM] [Warning] min_data_in_leaf is set=50, min_child_samples=20 will be ignored. Current value: min_data_in_leaf=50
Fold 6 completed.
Fold 7/7...
Traceback (most recent call last):
  File "/Users/johnb/Workspace/btc-predictor/scripts/train.py", line 21, in <module>
    main()
  File "/Users/johnb/Workspace/btc-predictor/scripts/train.py", line 16, in main
    out_dir = run_train(args.config)
  File "/Users/johnb/Workspace/btc-predictor/scripts/../src/btc_predictor/training/train.py", line 183, in run_train
    model.fit(
  File "/Users/johnb/Workspace/btc-predictor/scripts/../src/btc_predictor/models/tree.py", line 91, in fit
    results = Parallel(n_jobs=-1)(tasks)
  File "/Users/johnb/Workspace/btc-predictor/.venv/lib/python3.10/site-packages/joblib/parallel.py", line 2072, in __call__
    return output if self.return_generator else list(output)
  File "/Users/johnb/Workspace/btc-predictor/.venv/lib/python3.10/site-packages/joblib/parallel.py", line 1682, in _get_outputs
    yield from self._retrieve()
  File "/Users/johnb/Workspace/btc-predictor/.venv/lib/python3.10/site-packages/joblib/parallel.py", line 1800, in _retrieve
    time.sleep(0.01)
KeyboardInterrupt
