--- Session Started: 20260101_204453 ---
--- Log File: logs/train_20260101_204453.log ---
DEBUG: Found 1492 metrics files in data/binance/data/futures/um/daily/metrics/BTCUSDT
DEBUG: Raw metrics shape: (429556, 8)
DEBUG: Raw head:
           create_time   symbol  sum_open_interest  ...  sum_toptrader_long_short_ratio  count_long_short_ratio  sum_taker_long_short_vol_ratio
0  2021-12-01 00:00:00  BTCUSDT          59230.060  ...                        1.134294                4.021772                        0.622160
1  2021-12-01 00:05:00  BTCUSDT          59192.974  ...                        1.134559                3.996237                        0.826275
2  2021-12-01 00:10:00  BTCUSDT          59288.595  ...                        1.138011                4.036305                        1.694746
3  2021-12-01 00:15:00  BTCUSDT          59279.355  ...                        1.137640                4.043376                        1.076171
4  2021-12-01 00:20:00  BTCUSDT          59320.924  ...                        1.137357                4.033051                        0.904796

[5 rows x 8 columns]
--- Training model: naive ---
Fold 1/4...
Fold 1 completed.
Fold 2/4...
Fold 2 completed.
Fold 3/4...
Fold 3 completed.
Fold 4/4...
Fold 4 completed.
--- Training model: arima ---
Fold 1/4...
Fold 1 completed.
Fold 2/4...
Fold 2 completed.
Fold 3/4...
Fold 3 completed.
Fold 4/4...
Fold 4 completed.
--- Training model: garch ---
Fold 1/4...
Fold 1 completed.
Fold 2/4...
Fold 2 completed.
Fold 3/4...
Fold 3 completed.
Fold 4/4...
Fold 4 completed.
--- Training model: lightgbm ---
Tuning LightGBM parameters...
Best params found: {'n_estimators': 400, 'learning_rate': 0.01, 'num_leaves': 31, 'min_data_in_leaf': 50, 'subsample': 0.9, 'colsample_bytree': 0.7, 'random_state': 42, 'n_jobs': 10, 'min_child_samples': None, 'verbose': -1}
Fold 1/4...
Fold 1 completed.
Fold 2/4...
Fold 2 completed.
Fold 3/4...
Fold 3 completed.
Fold 4/4...
Fold 4 completed.
--- Training model: lstm ---
Fold 1/4...
