--- Session Started: 20260101_211026 ---
--- Log File: logs/train_20260101_211026.log ---
DEBUG: Found 1492 metrics files in data/binance/data/futures/um/daily/metrics/BTCUSDT
DEBUG: Raw metrics shape: (429556, 8)
DEBUG: Raw head:
           create_time  ... sum_taker_long_short_vol_ratio
0  2021-12-01 00:00:00  ...                       0.622160
1  2021-12-01 00:05:00  ...                       0.826275
2  2021-12-01 00:10:00  ...                       1.694746
3  2021-12-01 00:15:00  ...                       1.076171
4  2021-12-01 00:20:00  ...                       0.904796

[5 rows x 8 columns]
Traceback (most recent call last):
  File "/Users/johnb/Workspace/btc-predictor/scripts/train.py", line 21, in <module>
    main()
  File "/Users/johnb/Workspace/btc-predictor/scripts/train.py", line 16, in main
    out_dir = run_train(args.config)
  File "/Users/johnb/Workspace/btc-predictor/src/btc_predictor/training/train.py", line 124, in run_train
    dataset = build_supervised_dataset(raw_df, feature_df, cfg)
  File "/Users/johnb/Workspace/btc-predictor/src/btc_predictor/features/dataset.py", line 97, in build_supervised_dataset
    horizon_map = get_horizon_map(cfg)
  File "/Users/johnb/Workspace/btc-predictor/src/btc_predictor/config.py", line 27, in get_horizon_map
    return {label: parse_timedelta(label) for label in get_horizon_labels(cfg)}
  File "/Users/johnb/Workspace/btc-predictor/src/btc_predictor/config.py", line 27, in <dictcomp>
    return {label: parse_timedelta(label) for label in get_horizon_labels(cfg)}
  File "/Users/johnb/Workspace/btc-predictor/src/btc_predictor/config.py", line 19, in parse_timedelta
    return pd.Timedelta(value)
  File "pandas/_libs/tslibs/timedeltas.pyx", line 1844, in pandas._libs.tslibs.timedeltas.Timedelta.__new__
  File "pandas/_libs/tslibs/timedeltas.pyx", line 647, in pandas._libs.tslibs.timedeltas.parse_timedelta_string
ValueError: unit abbreviation w/o a number
